13:13:16.696 [restartedMain] INFO  o.s.boot.StartupInfoLogger.logStarting 50 - Starting ExpenseTracker using Java 22.0.2 with PID 12248 (C:\Users\Purshottam Mishra\OneDrive\Documents\JavaProjects\ExpenseTracker\target\classes started by Purshottam Mishra in C:\Users\Purshottam Mishra\OneDrive\Documents\JavaProjects\ExpenseTracker)
13:13:16.711 [restartedMain] INFO  o.s.boot.SpringApplication.logStartupProfileInfo 654 - No active profile set, falling back to 1 default profile: "default"
13:13:16.804 [restartedMain] INFO  o.s.boot.logging.DeferredLog.logTo 252 - Devtools property defaults active! Set 'spring.devtools.add-properties' to 'false' to disable
13:13:16.805 [restartedMain] INFO  o.s.boot.logging.DeferredLog.logTo 252 - For additional web related logging consider setting the 'logging.level.web' property to 'DEBUG'
13:13:18.022 [restartedMain] INFO  o.s.d.r.c.RepositoryConfigurationDelegate.registerRepositoriesIn 143 - Bootstrapping Spring Data JPA repositories in DEFAULT mode.
13:13:18.117 [restartedMain] INFO  o.s.d.r.c.RepositoryConfigurationDelegate.registerRepositoriesIn 211 - Finished Spring Data repository scanning in 83 ms. Found 5 JPA repository interfaces.
13:13:19.043 [restartedMain] INFO  o.s.b.w.e.tomcat.TomcatWebServer.initialize 111 - Tomcat initialized with port 8080 (http)
13:13:19.059 [restartedMain] INFO  o.apache.juli.logging.DirectJDKLog.log 173 - Initializing ProtocolHandler ["http-nio-8080"]
13:13:19.064 [restartedMain] INFO  o.apache.juli.logging.DirectJDKLog.log 173 - Starting service [Tomcat]
13:13:19.064 [restartedMain] INFO  o.apache.juli.logging.DirectJDKLog.log 173 - Starting Servlet engine: [Apache Tomcat/10.1.30]
13:13:19.119 [restartedMain] INFO  o.apache.juli.logging.DirectJDKLog.log 173 - Initializing Spring embedded WebApplicationContext
13:13:19.120 [restartedMain] INFO  o.s.b.w.s.c.ServletWebServerApplicationContext.prepareWebApplicationContext 296 - Root WebApplicationContext: initialization completed in 2313 ms
13:13:19.452 [restartedMain] INFO  o.h.jpa.internal.util.LogHelper.logPersistenceUnitInformation 31 - HHH000204: Processing PersistenceUnitInfo [name: default]
13:13:19.545 [restartedMain] INFO  org.hibernate.Version.logVersion 44 - HHH000412: Hibernate ORM core version 6.5.3.Final
13:13:19.602 [restartedMain] INFO  o.h.c.i.RegionFactoryInitiator.initiateService 50 - HHH000026: Second-level cache disabled
13:13:20.057 [restartedMain] INFO  o.s.o.j.p.SpringPersistenceUnitInfo.addTransformer 87 - No LoadTimeWeaver setup: ignoring JPA class transformer
13:13:20.106 [restartedMain] INFO  com.zaxxer.hikari.HikariDataSource.getConnection 109 - HikariPool-1 - Starting...
13:13:20.952 [restartedMain] INFO  com.zaxxer.hikari.pool.HikariPool.checkFailFast 554 - HikariPool-1 - Added connection com.mysql.cj.jdbc.ConnectionImpl@57e9237
13:13:20.956 [restartedMain] INFO  com.zaxxer.hikari.HikariDataSource.getConnection 122 - HikariPool-1 - Start completed.
13:13:21.104 [restartedMain] WARN  o.h.e.j.d.i.DialectFactoryImpl.constructDialect 153 - HHH90000025: MySQLDialect does not need to be specified explicitly using 'hibernate.dialect' (remove the property setting and it will be selected by default)
13:13:21.947 [restartedMain] INFO  o.h.e.t.j.p.i.JtaPlatformInitiator.initiateService 59 - HHH000489: No JTA platform available (set 'hibernate.transaction.jta.platform' to enable JTA platform integration)
13:13:22.662 [restartedMain] INFO  o.s.o.j.AbstractEntityManagerFactoryBean.buildNativeEntityManagerFactory 437 - Initialized JPA EntityManagerFactory for persistence unit 'default'
13:13:23.100 [restartedMain] INFO  c.m.E.config.SecurityConfig.authenticationProvider 51 - org.springframework.security.authentication.dao.DaoAuthenticationProvider@292dba3b
13:13:23.105 [restartedMain] INFO  o.s.s.c.a.a.c.InitializeAuthenticationProviderBeanManagerConfigurer$InitializeAuthenticationProviderManagerConfigurer.configure 83 - Global AuthenticationManager configured with AuthenticationProvider bean with name authenticationProvider
13:13:23.106 [restartedMain] WARN  o.s.s.c.a.a.c.InitializeUserDetailsBeanManagerConfigurer$InitializeUserDetailsManagerConfigurer.configure 72 - Global AuthenticationManager configured with an AuthenticationProvider bean. UserDetailsService beans will not be used for username/password login. Consider removing the AuthenticationProvider bean. Alternatively, consider using the UserDetailsService in a manually instantiated DaoAuthenticationProvider.
13:13:23.128 [restartedMain] INFO  o.s.d.j.r.query.QueryEnhancerFactory.<clinit> 49 - Hibernate is in classpath; If applicable, HQL parser will be used.
13:13:23.786 [restartedMain] WARN  o.s.b.a.o.j.JpaBaseConfiguration$JpaWebConfiguration.openEntityManagerInViewInterceptor 236 - spring.jpa.open-in-view is enabled by default. Therefore, database queries may be performed during view rendering. Explicitly configure spring.jpa.open-in-view to disable this warning
13:13:24.480 [restartedMain] INFO  o.s.b.d.a.OptionalLiveReloadServer.startServer 59 - LiveReload server is running on port 35729
13:13:24.499 [restartedMain] INFO  o.apache.juli.logging.DirectJDKLog.log 173 - Starting ProtocolHandler ["http-nio-8080"]
13:13:24.525 [restartedMain] INFO  o.s.b.w.e.tomcat.TomcatWebServer.start 243 - Tomcat started on port 8080 (http) with context path '/'
13:13:24.536 [restartedMain] INFO  o.s.boot.StartupInfoLogger.logStarted 56 - Started ExpenseTracker in 8.649 seconds (process running for 9.288)
13:14:37.715 [File Watcher] INFO  o.s.b.d.a.LocalDevToolsAutoConfiguration$RestartingClassPathChangeChangedEventListener.onApplicationEvent 211 - Restarting due to 1 class path change (0 additions, 1 deletion, 0 modifications)
13:14:37.724 [Thread-5] INFO  o.apache.juli.logging.DirectJDKLog.log 173 - Stopping ProtocolHandler ["http-nio-8080"]
13:14:37.745 [Thread-5] INFO  o.s.o.j.AbstractEntityManagerFactoryBean.destroy 650 - Closing JPA EntityManagerFactory for persistence unit 'default'
13:14:37.752 [Thread-5] INFO  com.zaxxer.hikari.HikariDataSource.close 349 - HikariPool-1 - Shutdown initiated...
13:14:37.761 [Thread-5] INFO  com.zaxxer.hikari.HikariDataSource.close 351 - HikariPool-1 - Shutdown completed.
13:14:37.916 [restartedMain] INFO  o.s.boot.StartupInfoLogger.logStarting 50 - Starting ExpenseTracker using Java 22.0.2 with PID 12248 (C:\Users\Purshottam Mishra\OneDrive\Documents\JavaProjects\ExpenseTracker\target\classes started by Purshottam Mishra in C:\Users\Purshottam Mishra\OneDrive\Documents\JavaProjects\ExpenseTracker)
13:14:37.917 [restartedMain] INFO  o.s.boot.SpringApplication.logStartupProfileInfo 654 - No active profile set, falling back to 1 default profile: "default"
13:14:38.331 [restartedMain] INFO  o.s.d.r.c.RepositoryConfigurationDelegate.registerRepositoriesIn 143 - Bootstrapping Spring Data JPA repositories in DEFAULT mode.
13:14:38.376 [restartedMain] INFO  o.s.d.r.c.RepositoryConfigurationDelegate.registerRepositoriesIn 211 - Finished Spring Data repository scanning in 44 ms. Found 5 JPA repository interfaces.
13:14:38.556 [restartedMain] INFO  o.s.b.w.e.tomcat.TomcatWebServer.initialize 111 - Tomcat initialized with port 8080 (http)
13:14:38.557 [restartedMain] INFO  o.apache.juli.logging.DirectJDKLog.log 173 - Initializing ProtocolHandler ["http-nio-8080"]
13:14:38.557 [restartedMain] INFO  o.apache.juli.logging.DirectJDKLog.log 173 - Starting service [Tomcat]
13:14:38.558 [restartedMain] INFO  o.apache.juli.logging.DirectJDKLog.log 173 - Starting Servlet engine: [Apache Tomcat/10.1.30]
13:14:38.592 [restartedMain] INFO  o.apache.juli.logging.DirectJDKLog.log 173 - Initializing Spring embedded WebApplicationContext
13:14:38.593 [restartedMain] INFO  o.s.b.w.s.c.ServletWebServerApplicationContext.prepareWebApplicationContext 296 - Root WebApplicationContext: initialization completed in 672 ms
13:14:38.660 [restartedMain] INFO  o.h.jpa.internal.util.LogHelper.logPersistenceUnitInformation 31 - HHH000204: Processing PersistenceUnitInfo [name: default]
13:14:38.666 [restartedMain] INFO  o.h.c.i.RegionFactoryInitiator.initiateService 50 - HHH000026: Second-level cache disabled
13:14:38.680 [restartedMain] INFO  o.s.o.j.p.SpringPersistenceUnitInfo.addTransformer 87 - No LoadTimeWeaver setup: ignoring JPA class transformer
13:14:38.681 [restartedMain] INFO  com.zaxxer.hikari.HikariDataSource.getConnection 109 - HikariPool-2 - Starting...
13:14:39.550 [restartedMain] INFO  com.zaxxer.hikari.pool.HikariPool.checkFailFast 554 - HikariPool-2 - Added connection com.mysql.cj.jdbc.ConnectionImpl@64ed8b01
13:14:39.551 [restartedMain] INFO  com.zaxxer.hikari.HikariDataSource.getConnection 122 - HikariPool-2 - Start completed.
13:14:39.603 [restartedMain] WARN  o.h.e.j.d.i.DialectFactoryImpl.constructDialect 153 - HHH90000025: MySQLDialect does not need to be specified explicitly using 'hibernate.dialect' (remove the property setting and it will be selected by default)
13:14:39.805 [restartedMain] INFO  o.h.e.t.j.p.i.JtaPlatformInitiator.initiateService 59 - HHH000489: No JTA platform available (set 'hibernate.transaction.jta.platform' to enable JTA platform integration)
13:14:40.571 [restartedMain] INFO  o.s.o.j.AbstractEntityManagerFactoryBean.buildNativeEntityManagerFactory 437 - Initialized JPA EntityManagerFactory for persistence unit 'default'
13:14:40.689 [restartedMain] INFO  c.m.E.config.SecurityConfig.authenticationProvider 51 - org.springframework.security.authentication.dao.DaoAuthenticationProvider@c1cee71
13:14:40.690 [restartedMain] INFO  o.s.s.c.a.a.c.InitializeAuthenticationProviderBeanManagerConfigurer$InitializeAuthenticationProviderManagerConfigurer.configure 83 - Global AuthenticationManager configured with AuthenticationProvider bean with name authenticationProvider
13:14:40.691 [restartedMain] WARN  o.s.s.c.a.a.c.InitializeUserDetailsBeanManagerConfigurer$InitializeUserDetailsManagerConfigurer.configure 72 - Global AuthenticationManager configured with an AuthenticationProvider bean. UserDetailsService beans will not be used for username/password login. Consider removing the AuthenticationProvider bean. Alternatively, consider using the UserDetailsService in a manually instantiated DaoAuthenticationProvider.
13:14:40.822 [restartedMain] WARN  o.s.b.a.o.j.JpaBaseConfiguration$JpaWebConfiguration.openEntityManagerInViewInterceptor 236 - spring.jpa.open-in-view is enabled by default. Therefore, database queries may be performed during view rendering. Explicitly configure spring.jpa.open-in-view to disable this warning
13:14:40.968 [restartedMain] INFO  o.s.b.d.a.OptionalLiveReloadServer.startServer 59 - LiveReload server is running on port 35729
13:14:40.973 [restartedMain] INFO  o.apache.juli.logging.DirectJDKLog.log 173 - Starting ProtocolHandler ["http-nio-8080"]
13:14:40.979 [restartedMain] INFO  o.s.b.w.e.tomcat.TomcatWebServer.start 243 - Tomcat started on port 8080 (http) with context path '/'
13:14:40.984 [restartedMain] INFO  o.s.boot.StartupInfoLogger.logStarted 56 - Started ExpenseTracker in 3.12 seconds (process running for 85.736)
13:14:40.987 [restartedMain] INFO  o.s.b.d.a.ConditionEvaluationDeltaLoggingListener.onApplicationEvent 63 - Condition evaluation unchanged
13:14:42.401 [File Watcher] INFO  o.s.b.d.a.LocalDevToolsAutoConfiguration$RestartingClassPathChangeChangedEventListener.onApplicationEvent 211 - Restarting due to 1 class path change (1 addition, 0 deletions, 0 modifications)
13:14:42.404 [Thread-7] INFO  o.apache.juli.logging.DirectJDKLog.log 173 - Stopping ProtocolHandler ["http-nio-8080"]
13:14:42.419 [Thread-7] INFO  o.s.o.j.AbstractEntityManagerFactoryBean.destroy 650 - Closing JPA EntityManagerFactory for persistence unit 'default'
13:14:42.419 [Thread-7] INFO  com.zaxxer.hikari.HikariDataSource.close 349 - HikariPool-2 - Shutdown initiated...
13:14:42.758 [Thread-7] INFO  com.zaxxer.hikari.HikariDataSource.close 351 - HikariPool-2 - Shutdown completed.
13:14:42.871 [restartedMain] INFO  o.s.boot.StartupInfoLogger.logStarting 50 - Starting ExpenseTracker using Java 22.0.2 with PID 12248 (C:\Users\Purshottam Mishra\OneDrive\Documents\JavaProjects\ExpenseTracker\target\classes started by Purshottam Mishra in C:\Users\Purshottam Mishra\OneDrive\Documents\JavaProjects\ExpenseTracker)
13:14:42.873 [restartedMain] INFO  o.s.boot.SpringApplication.logStartupProfileInfo 654 - No active profile set, falling back to 1 default profile: "default"
13:14:43.137 [restartedMain] INFO  o.s.d.r.c.RepositoryConfigurationDelegate.registerRepositoriesIn 143 - Bootstrapping Spring Data JPA repositories in DEFAULT mode.
13:14:43.162 [restartedMain] INFO  o.s.d.r.c.RepositoryConfigurationDelegate.registerRepositoriesIn 211 - Finished Spring Data repository scanning in 25 ms. Found 5 JPA repository interfaces.
13:14:43.253 [restartedMain] INFO  o.s.b.w.e.tomcat.TomcatWebServer.initialize 111 - Tomcat initialized with port 8080 (http)
13:14:43.254 [restartedMain] INFO  o.apache.juli.logging.DirectJDKLog.log 173 - Initializing ProtocolHandler ["http-nio-8080"]
13:14:43.254 [restartedMain] INFO  o.apache.juli.logging.DirectJDKLog.log 173 - Starting service [Tomcat]
13:14:43.255 [restartedMain] INFO  o.apache.juli.logging.DirectJDKLog.log 173 - Starting Servlet engine: [Apache Tomcat/10.1.30]
13:14:43.275 [restartedMain] INFO  o.apache.juli.logging.DirectJDKLog.log 173 - Initializing Spring embedded WebApplicationContext
13:14:43.276 [restartedMain] INFO  o.s.b.w.s.c.ServletWebServerApplicationContext.prepareWebApplicationContext 296 - Root WebApplicationContext: initialization completed in 399 ms
13:14:43.314 [restartedMain] INFO  o.h.jpa.internal.util.LogHelper.logPersistenceUnitInformation 31 - HHH000204: Processing PersistenceUnitInfo [name: default]
13:14:43.316 [restartedMain] INFO  o.h.c.i.RegionFactoryInitiator.initiateService 50 - HHH000026: Second-level cache disabled
13:14:43.324 [restartedMain] INFO  o.s.o.j.p.SpringPersistenceUnitInfo.addTransformer 87 - No LoadTimeWeaver setup: ignoring JPA class transformer
13:14:43.325 [restartedMain] INFO  com.zaxxer.hikari.HikariDataSource.getConnection 109 - HikariPool-3 - Starting...
13:14:43.918 [restartedMain] INFO  com.zaxxer.hikari.pool.HikariPool.checkFailFast 554 - HikariPool-3 - Added connection com.mysql.cj.jdbc.ConnectionImpl@159864ab
13:14:43.919 [restartedMain] INFO  com.zaxxer.hikari.HikariDataSource.getConnection 122 - HikariPool-3 - Start completed.
13:14:43.970 [restartedMain] WARN  o.h.e.j.d.i.DialectFactoryImpl.constructDialect 153 - HHH90000025: MySQLDialect does not need to be specified explicitly using 'hibernate.dialect' (remove the property setting and it will be selected by default)
13:14:44.076 [restartedMain] INFO  o.h.e.t.j.p.i.JtaPlatformInitiator.initiateService 59 - HHH000489: No JTA platform available (set 'hibernate.transaction.jta.platform' to enable JTA platform integration)
13:14:44.878 [restartedMain] INFO  o.s.o.j.AbstractEntityManagerFactoryBean.buildNativeEntityManagerFactory 437 - Initialized JPA EntityManagerFactory for persistence unit 'default'
13:14:44.940 [restartedMain] INFO  c.m.E.config.SecurityConfig.authenticationProvider 51 - org.springframework.security.authentication.dao.DaoAuthenticationProvider@52a17305
13:14:44.941 [restartedMain] INFO  o.s.s.c.a.a.c.InitializeAuthenticationProviderBeanManagerConfigurer$InitializeAuthenticationProviderManagerConfigurer.configure 83 - Global AuthenticationManager configured with AuthenticationProvider bean with name authenticationProvider
13:14:44.942 [restartedMain] WARN  o.s.s.c.a.a.c.InitializeUserDetailsBeanManagerConfigurer$InitializeUserDetailsManagerConfigurer.configure 72 - Global AuthenticationManager configured with an AuthenticationProvider bean. UserDetailsService beans will not be used for username/password login. Consider removing the AuthenticationProvider bean. Alternatively, consider using the UserDetailsService in a manually instantiated DaoAuthenticationProvider.
13:14:45.011 [restartedMain] WARN  o.s.b.a.o.j.JpaBaseConfiguration$JpaWebConfiguration.openEntityManagerInViewInterceptor 236 - spring.jpa.open-in-view is enabled by default. Therefore, database queries may be performed during view rendering. Explicitly configure spring.jpa.open-in-view to disable this warning
13:14:45.123 [restartedMain] INFO  o.s.b.d.a.OptionalLiveReloadServer.startServer 59 - LiveReload server is running on port 35729
13:14:45.131 [restartedMain] INFO  o.apache.juli.logging.DirectJDKLog.log 173 - Starting ProtocolHandler ["http-nio-8080"]
13:14:45.136 [restartedMain] INFO  o.s.b.w.e.tomcat.TomcatWebServer.start 243 - Tomcat started on port 8080 (http) with context path '/'
13:14:45.141 [restartedMain] INFO  o.s.boot.StartupInfoLogger.logStarted 56 - Started ExpenseTracker in 2.305 seconds (process running for 89.893)
13:14:45.144 [restartedMain] INFO  o.s.b.d.a.ConditionEvaluationDeltaLoggingListener.onApplicationEvent 63 - Condition evaluation unchanged
13:14:59.327 [http-nio-8080-exec-2] INFO  o.apache.juli.logging.DirectJDKLog.log 173 - Initializing Spring DispatcherServlet 'dispatcherServlet'
13:14:59.327 [http-nio-8080-exec-2] INFO  o.s.web.servlet.FrameworkServlet.initServletBean 532 - Initializing Servlet 'dispatcherServlet'
13:14:59.328 [http-nio-8080-exec-2] INFO  o.s.web.servlet.FrameworkServlet.initServletBean 554 - Completed initialization in 1 ms
13:14:59.904 [http-nio-8080-exec-2] INFO  c.m.E.service.MyUserDetailsService.loadUserByUsername 23 - username 9117590964
13:15:00.537 [http-nio-8080-exec-2] INFO  c.m.E.service.AuthService.verify 103 - Login Successfully
13:15:00.645 [http-nio-8080-exec-2] INFO  c.m.E.service.AuthService.verify 114 - Response(code=LOGIN01, message=Login Successfully, jwtToken=eyJhbGciOiJIUzI1NiJ9.eyJzdWIiOiI5MTE3NTkwOTY0IiwiaWF0IjoxNzI4ODkxOTAwLCJleHAiOjE3Mjg5NzgzMDB9.fDHtFIboMREA68PZVR5dkaEuMyDBpKvj1nLOZjWgoac)
13:17:13.512 [http-nio-8080-exec-4] INFO  c.m.E.service.MyUserDetailsService.loadUserByUsername 23 - username 9117590964
13:17:13.705 [http-nio-8080-exec-4] ERROR o.apache.juli.logging.DirectJDKLog.log 175 - Servlet.service() for servlet [dispatcherServlet] in context with path [] threw exception [Request processing failed: java.lang.IllegalStateException: Ambiguous handler methods mapped for '/eta/expenses/1': {public java.util.List com.msl.ExpenseTracker.controller.ExpensesController.getExpensesByCategory(int), public java.util.List com.msl.ExpenseTracker.controller.ExpensesController.getExpensesByUser(int)}] with root cause
java.lang.IllegalStateException: Ambiguous handler methods mapped for '/eta/expenses/1': {public java.util.List com.msl.ExpenseTracker.controller.ExpensesController.getExpensesByCategory(int), public java.util.List com.msl.ExpenseTracker.controller.ExpensesController.getExpensesByUser(int)}
	at org.springframework.web.servlet.handler.AbstractHandlerMethodMapping.lookupHandlerMethod(AbstractHandlerMethodMapping.java:431)
	at org.springframework.web.servlet.handler.AbstractHandlerMethodMapping.getHandlerInternal(AbstractHandlerMethodMapping.java:382)
	at org.springframework.web.servlet.mvc.method.RequestMappingInfoHandlerMapping.getHandlerInternal(RequestMappingInfoHandlerMapping.java:127)
	at org.springframework.web.servlet.mvc.method.RequestMappingInfoHandlerMapping.getHandlerInternal(RequestMappingInfoHandlerMapping.java:68)
	at org.springframework.web.servlet.handler.AbstractHandlerMapping.getHandler(AbstractHandlerMapping.java:507)
	at org.springframework.web.servlet.DispatcherServlet.getHandler(DispatcherServlet.java:1284)
	at org.springframework.web.servlet.DispatcherServlet.doDispatch(DispatcherServlet.java:1065)
	at org.springframework.web.servlet.DispatcherServlet.doService(DispatcherServlet.java:979)
	at org.springframework.web.servlet.FrameworkServlet.processRequest(FrameworkServlet.java:1014)
	at org.springframework.web.servlet.FrameworkServlet.doGet(FrameworkServlet.java:903)
	at jakarta.servlet.http.HttpServlet.service(HttpServlet.java:564)
	at org.springframework.web.servlet.FrameworkServlet.service(FrameworkServlet.java:885)
	at jakarta.servlet.http.HttpServlet.service(HttpServlet.java:658)
	at org.apache.catalina.core.ApplicationFilterChain.internalDoFilter(ApplicationFilterChain.java:195)
	at org.apache.catalina.core.ApplicationFilterChain.doFilter(ApplicationFilterChain.java:140)
	at org.apache.tomcat.websocket.server.WsFilter.doFilter(WsFilter.java:51)
	at org.apache.catalina.core.ApplicationFilterChain.internalDoFilter(ApplicationFilterChain.java:164)
	at org.apache.catalina.core.ApplicationFilterChain.doFilter(ApplicationFilterChain.java:140)
	at org.springframework.web.filter.OncePerRequestFilter.doFilter(OncePerRequestFilter.java:110)
	at org.apache.catalina.core.ApplicationFilterChain.internalDoFilter(ApplicationFilterChain.java:164)
	at org.apache.catalina.core.ApplicationFilterChain.doFilter(ApplicationFilterChain.java:140)
	at org.springframework.web.filter.CompositeFilter$VirtualFilterChain.doFilter(CompositeFilter.java:108)
	at org.springframework.security.web.FilterChainProxy.lambda$doFilterInternal$3(FilterChainProxy.java:231)
	at org.springframework.security.web.FilterChainProxy$VirtualFilterChain.doFilter(FilterChainProxy.java:365)
	at org.springframework.security.web.access.intercept.AuthorizationFilter.doFilter(AuthorizationFilter.java:100)
	at org.springframework.security.web.FilterChainProxy$VirtualFilterChain.doFilter(FilterChainProxy.java:374)
	at org.springframework.security.web.access.ExceptionTranslationFilter.doFilter(ExceptionTranslationFilter.java:126)
	at org.springframework.security.web.access.ExceptionTranslationFilter.doFilter(ExceptionTranslationFilter.java:120)
	at org.springframework.security.web.FilterChainProxy$VirtualFilterChain.doFilter(FilterChainProxy.java:374)
	at org.springframework.security.web.session.SessionManagementFilter.doFilter(SessionManagementFilter.java:131)
	at org.springframework.security.web.session.SessionManagementFilter.doFilter(SessionManagementFilter.java:85)
	at org.springframework.security.web.FilterChainProxy$VirtualFilterChain.doFilter(FilterChainProxy.java:374)
	at org.springframework.security.web.authentication.AnonymousAuthenticationFilter.doFilter(AnonymousAuthenticationFilter.java:100)
	at org.springframework.security.web.FilterChainProxy$VirtualFilterChain.doFilter(FilterChainProxy.java:374)
	at org.springframework.security.web.servletapi.SecurityContextHolderAwareRequestFilter.doFilter(SecurityContextHolderAwareRequestFilter.java:179)
	at org.springframework.security.web.FilterChainProxy$VirtualFilterChain.doFilter(FilterChainProxy.java:374)
	at org.springframework.security.web.savedrequest.RequestCacheAwareFilter.doFilter(RequestCacheAwareFilter.java:63)
	at org.springframework.security.web.FilterChainProxy$VirtualFilterChain.doFilter(FilterChainProxy.java:374)
	at org.springframework.security.web.authentication.www.BasicAuthenticationFilter.doFilterInternal(BasicAuthenticationFilter.java:181)
	at org.springframework.web.filter.OncePerRequestFilter.doFilter(OncePerRequestFilter.java:116)
	at org.springframework.security.web.FilterChainProxy$VirtualFilterChain.doFilter(FilterChainProxy.java:374)
	at com.msl.ExpenseTracker.filter.JwtFilter.doFilterInternal(JwtFilter.java:52)
	at org.springframework.web.filter.OncePerRequestFilter.doFilter(OncePerRequestFilter.java:116)
	at org.springframework.security.web.FilterChainProxy$VirtualFilterChain.doFilter(FilterChainProxy.java:374)
	at org.springframework.security.web.authentication.logout.LogoutFilter.doFilter(LogoutFilter.java:107)
	at org.springframework.security.web.authentication.logout.LogoutFilter.doFilter(LogoutFilter.java:93)
	at org.springframework.security.web.FilterChainProxy$VirtualFilterChain.doFilter(FilterChainProxy.java:374)
	at org.springframework.security.web.header.HeaderWriterFilter.doHeadersAfter(HeaderWriterFilter.java:90)
	at org.springframework.security.web.header.HeaderWriterFilter.doFilterInternal(HeaderWriterFilter.java:75)
	at org.springframework.web.filter.OncePerRequestFilter.doFilter(OncePerRequestFilter.java:116)
	at org.springframework.security.web.FilterChainProxy$VirtualFilterChain.doFilter(FilterChainProxy.java:374)
	at org.springframework.security.web.context.SecurityContextHolderFilter.doFilter(SecurityContextHolderFilter.java:82)
	at org.springframework.security.web.context.SecurityContextHolderFilter.doFilter(SecurityContextHolderFilter.java:69)
	at org.springframework.security.web.FilterChainProxy$VirtualFilterChain.doFilter(FilterChainProxy.java:374)
	at org.springframework.security.web.context.request.async.WebAsyncManagerIntegrationFilter.doFilterInternal(WebAsyncManagerIntegrationFilter.java:62)
	at org.springframework.web.filter.OncePerRequestFilter.doFilter(OncePerRequestFilter.java:116)
	at org.springframework.security.web.FilterChainProxy$VirtualFilterChain.doFilter(FilterChainProxy.java:374)
	at org.springframework.security.web.session.DisableEncodeUrlFilter.doFilterInternal(DisableEncodeUrlFilter.java:42)
	at org.springframework.web.filter.OncePerRequestFilter.doFilter(OncePerRequestFilter.java:116)
	at org.springframework.security.web.FilterChainProxy$VirtualFilterChain.doFilter(FilterChainProxy.java:374)
	at org.springframework.security.web.FilterChainProxy.doFilterInternal(FilterChainProxy.java:233)
	at org.springframework.security.web.FilterChainProxy.doFilter(FilterChainProxy.java:191)
	at org.springframework.web.filter.CompositeFilter$VirtualFilterChain.doFilter(CompositeFilter.java:113)
	at org.springframework.web.servlet.handler.HandlerMappingIntrospector.lambda$createCacheFilter$3(HandlerMappingIntrospector.java:195)
	at org.springframework.web.filter.CompositeFilter$VirtualFilterChain.doFilter(CompositeFilter.java:113)
	at org.springframework.web.filter.CompositeFilter.doFilter(CompositeFilter.java:74)
	at org.springframework.security.config.annotation.web.configuration.WebMvcSecurityConfiguration$CompositeFilterChainProxy.doFilter(WebMvcSecurityConfiguration.java:230)
	at org.springframework.web.filter.DelegatingFilterProxy.invokeDelegate(DelegatingFilterProxy.java:352)
	at org.springframework.web.filter.DelegatingFilterProxy.doFilter(DelegatingFilterProxy.java:268)
	at org.apache.catalina.core.ApplicationFilterChain.internalDoFilter(ApplicationFilterChain.java:164)
	at org.apache.catalina.core.ApplicationFilterChain.doFilter(ApplicationFilterChain.java:140)
	at org.springframework.web.filter.RequestContextFilter.doFilterInternal(RequestContextFilter.java:100)
	at org.springframework.web.filter.OncePerRequestFilter.doFilter(OncePerRequestFilter.java:116)
	at org.apache.catalina.core.ApplicationFilterChain.internalDoFilter(ApplicationFilterChain.java:164)
	at org.apache.catalina.core.ApplicationFilterChain.doFilter(ApplicationFilterChain.java:140)
	at org.springframework.web.filter.FormContentFilter.doFilterInternal(FormContentFilter.java:93)
	at org.springframework.web.filter.OncePerRequestFilter.doFilter(OncePerRequestFilter.java:116)
	at org.apache.catalina.core.ApplicationFilterChain.internalDoFilter(ApplicationFilterChain.java:164)
	at org.apache.catalina.core.ApplicationFilterChain.doFilter(ApplicationFilterChain.java:140)
	at org.springframework.web.filter.CharacterEncodingFilter.doFilterInternal(CharacterEncodingFilter.java:201)
	at org.springframework.web.filter.OncePerRequestFilter.doFilter(OncePerRequestFilter.java:116)
	at org.apache.catalina.core.ApplicationFilterChain.internalDoFilter(ApplicationFilterChain.java:164)
	at org.apache.catalina.core.ApplicationFilterChain.doFilter(ApplicationFilterChain.java:140)
	at org.apache.catalina.core.StandardWrapperValve.invoke(StandardWrapperValve.java:167)
	at org.apache.catalina.core.StandardContextValve.invoke(StandardContextValve.java:90)
	at org.apache.catalina.authenticator.AuthenticatorBase.invoke(AuthenticatorBase.java:483)
	at org.apache.catalina.core.StandardHostValve.invoke(StandardHostValve.java:115)
	at org.apache.catalina.valves.ErrorReportValve.invoke(ErrorReportValve.java:93)
	at org.apache.catalina.core.StandardEngineValve.invoke(StandardEngineValve.java:74)
	at org.apache.catalina.connector.CoyoteAdapter.service(CoyoteAdapter.java:344)
	at org.apache.coyote.http11.Http11Processor.service(Http11Processor.java:384)
	at org.apache.coyote.AbstractProcessorLight.process(AbstractProcessorLight.java:63)
	at org.apache.coyote.AbstractProtocol$ConnectionHandler.process(AbstractProtocol.java:905)
	at org.apache.tomcat.util.net.NioEndpoint$SocketProcessor.doRun(NioEndpoint.java:1741)
	at org.apache.tomcat.util.net.SocketProcessorBase.run(SocketProcessorBase.java:52)
	at org.apache.tomcat.util.threads.ThreadPoolExecutor.runWorker(ThreadPoolExecutor.java:1190)
	at org.apache.tomcat.util.threads.ThreadPoolExecutor$Worker.run(ThreadPoolExecutor.java:659)
	at org.apache.tomcat.util.threads.TaskThread$WrappingRunnable.run(TaskThread.java:63)
	at java.base/java.lang.Thread.run(Thread.java:1570)
13:18:35.010 [File Watcher] INFO  o.s.b.d.a.LocalDevToolsAutoConfiguration$RestartingClassPathChangeChangedEventListener.onApplicationEvent 211 - Restarting due to 1 class path change (0 additions, 1 deletion, 0 modifications)
13:18:35.013 [Thread-11] INFO  o.apache.juli.logging.DirectJDKLog.log 173 - Stopping ProtocolHandler ["http-nio-8080"]
13:18:35.029 [Thread-11] INFO  o.s.o.j.AbstractEntityManagerFactoryBean.destroy 650 - Closing JPA EntityManagerFactory for persistence unit 'default'
13:18:35.030 [Thread-11] INFO  com.zaxxer.hikari.HikariDataSource.close 349 - HikariPool-3 - Shutdown initiated...
13:18:35.035 [Thread-11] INFO  com.zaxxer.hikari.HikariDataSource.close 351 - HikariPool-3 - Shutdown completed.
13:18:35.196 [restartedMain] INFO  o.s.boot.StartupInfoLogger.logStarting 50 - Starting ExpenseTracker using Java 22.0.2 with PID 12248 (C:\Users\Purshottam Mishra\OneDrive\Documents\JavaProjects\ExpenseTracker\target\classes started by Purshottam Mishra in C:\Users\Purshottam Mishra\OneDrive\Documents\JavaProjects\ExpenseTracker)
13:18:35.196 [restartedMain] INFO  o.s.boot.SpringApplication.logStartupProfileInfo 654 - No active profile set, falling back to 1 default profile: "default"
13:18:35.510 [restartedMain] INFO  o.s.d.r.c.RepositoryConfigurationDelegate.registerRepositoriesIn 143 - Bootstrapping Spring Data JPA repositories in DEFAULT mode.
13:18:35.544 [restartedMain] INFO  o.s.d.r.c.RepositoryConfigurationDelegate.registerRepositoriesIn 211 - Finished Spring Data repository scanning in 33 ms. Found 5 JPA repository interfaces.
13:18:35.638 [restartedMain] INFO  o.s.b.w.e.tomcat.TomcatWebServer.initialize 111 - Tomcat initialized with port 8080 (http)
13:18:35.639 [restartedMain] INFO  o.apache.juli.logging.DirectJDKLog.log 173 - Initializing ProtocolHandler ["http-nio-8080"]
13:18:35.639 [restartedMain] INFO  o.apache.juli.logging.DirectJDKLog.log 173 - Starting service [Tomcat]
13:18:35.640 [restartedMain] INFO  o.apache.juli.logging.DirectJDKLog.log 173 - Starting Servlet engine: [Apache Tomcat/10.1.30]
13:18:35.664 [restartedMain] INFO  o.apache.juli.logging.DirectJDKLog.log 173 - Initializing Spring embedded WebApplicationContext
13:18:35.664 [restartedMain] INFO  o.s.b.w.s.c.ServletWebServerApplicationContext.prepareWebApplicationContext 296 - Root WebApplicationContext: initialization completed in 464 ms
13:18:35.703 [restartedMain] INFO  o.h.jpa.internal.util.LogHelper.logPersistenceUnitInformation 31 - HHH000204: Processing PersistenceUnitInfo [name: default]
13:18:35.706 [restartedMain] INFO  o.h.c.i.RegionFactoryInitiator.initiateService 50 - HHH000026: Second-level cache disabled
13:18:35.714 [restartedMain] INFO  o.s.o.j.p.SpringPersistenceUnitInfo.addTransformer 87 - No LoadTimeWeaver setup: ignoring JPA class transformer
13:18:35.715 [restartedMain] INFO  com.zaxxer.hikari.HikariDataSource.getConnection 109 - HikariPool-4 - Starting...
13:18:36.127 [restartedMain] INFO  com.zaxxer.hikari.pool.HikariPool.checkFailFast 554 - HikariPool-4 - Added connection com.mysql.cj.jdbc.ConnectionImpl@54e37a9f
13:18:36.127 [restartedMain] INFO  com.zaxxer.hikari.HikariDataSource.getConnection 122 - HikariPool-4 - Start completed.
13:18:36.164 [restartedMain] WARN  o.h.e.j.d.i.DialectFactoryImpl.constructDialect 153 - HHH90000025: MySQLDialect does not need to be specified explicitly using 'hibernate.dialect' (remove the property setting and it will be selected by default)
13:18:36.282 [restartedMain] INFO  o.h.e.t.j.p.i.JtaPlatformInitiator.initiateService 59 - HHH000489: No JTA platform available (set 'hibernate.transaction.jta.platform' to enable JTA platform integration)
13:18:36.873 [restartedMain] INFO  o.s.o.j.AbstractEntityManagerFactoryBean.buildNativeEntityManagerFactory 437 - Initialized JPA EntityManagerFactory for persistence unit 'default'
13:18:36.972 [restartedMain] INFO  c.m.E.config.SecurityConfig.authenticationProvider 51 - org.springframework.security.authentication.dao.DaoAuthenticationProvider@78a4d0c8
13:18:36.973 [restartedMain] INFO  o.s.s.c.a.a.c.InitializeAuthenticationProviderBeanManagerConfigurer$InitializeAuthenticationProviderManagerConfigurer.configure 83 - Global AuthenticationManager configured with AuthenticationProvider bean with name authenticationProvider
13:18:36.973 [restartedMain] WARN  o.s.s.c.a.a.c.InitializeUserDetailsBeanManagerConfigurer$InitializeUserDetailsManagerConfigurer.configure 72 - Global AuthenticationManager configured with an AuthenticationProvider bean. UserDetailsService beans will not be used for username/password login. Consider removing the AuthenticationProvider bean. Alternatively, consider using the UserDetailsService in a manually instantiated DaoAuthenticationProvider.
13:18:37.077 [restartedMain] WARN  o.s.b.a.o.j.JpaBaseConfiguration$JpaWebConfiguration.openEntityManagerInViewInterceptor 236 - spring.jpa.open-in-view is enabled by default. Therefore, database queries may be performed during view rendering. Explicitly configure spring.jpa.open-in-view to disable this warning
13:18:37.237 [restartedMain] INFO  o.s.b.d.a.OptionalLiveReloadServer.startServer 59 - LiveReload server is running on port 35729
13:18:37.245 [restartedMain] INFO  o.apache.juli.logging.DirectJDKLog.log 173 - Starting ProtocolHandler ["http-nio-8080"]
13:18:37.251 [restartedMain] INFO  o.s.b.w.e.tomcat.TomcatWebServer.start 243 - Tomcat started on port 8080 (http) with context path '/'
13:18:37.253 [restartedMain] INFO  o.s.boot.StartupInfoLogger.logStarted 56 - Started ExpenseTracker in 2.11 seconds (process running for 322.005)
13:18:37.255 [restartedMain] INFO  o.s.b.d.a.ConditionEvaluationDeltaLoggingListener.onApplicationEvent 63 - Condition evaluation unchanged
13:18:39.698 [File Watcher] INFO  o.s.b.d.a.LocalDevToolsAutoConfiguration$RestartingClassPathChangeChangedEventListener.onApplicationEvent 211 - Restarting due to 1 class path change (1 addition, 0 deletions, 0 modifications)
13:18:39.699 [Thread-15] INFO  o.apache.juli.logging.DirectJDKLog.log 173 - Stopping ProtocolHandler ["http-nio-8080"]
13:18:39.712 [Thread-15] INFO  o.s.o.j.AbstractEntityManagerFactoryBean.destroy 650 - Closing JPA EntityManagerFactory for persistence unit 'default'
13:18:39.712 [Thread-15] INFO  com.zaxxer.hikari.HikariDataSource.close 349 - HikariPool-4 - Shutdown initiated...
13:18:39.935 [Thread-15] INFO  com.zaxxer.hikari.HikariDataSource.close 351 - HikariPool-4 - Shutdown completed.
13:18:40.065 [restartedMain] INFO  o.s.boot.StartupInfoLogger.logStarting 50 - Starting ExpenseTracker using Java 22.0.2 with PID 12248 (C:\Users\Purshottam Mishra\OneDrive\Documents\JavaProjects\ExpenseTracker\target\classes started by Purshottam Mishra in C:\Users\Purshottam Mishra\OneDrive\Documents\JavaProjects\ExpenseTracker)
13:18:40.066 [restartedMain] INFO  o.s.boot.SpringApplication.logStartupProfileInfo 654 - No active profile set, falling back to 1 default profile: "default"
13:18:40.329 [restartedMain] INFO  o.s.d.r.c.RepositoryConfigurationDelegate.registerRepositoriesIn 143 - Bootstrapping Spring Data JPA repositories in DEFAULT mode.
13:18:40.354 [restartedMain] INFO  o.s.d.r.c.RepositoryConfigurationDelegate.registerRepositoriesIn 211 - Finished Spring Data repository scanning in 24 ms. Found 5 JPA repository interfaces.
13:18:40.465 [restartedMain] INFO  o.s.b.w.e.tomcat.TomcatWebServer.initialize 111 - Tomcat initialized with port 8080 (http)
13:18:40.465 [restartedMain] INFO  o.apache.juli.logging.DirectJDKLog.log 173 - Initializing ProtocolHandler ["http-nio-8080"]
13:18:40.466 [restartedMain] INFO  o.apache.juli.logging.DirectJDKLog.log 173 - Starting service [Tomcat]
13:18:40.467 [restartedMain] INFO  o.apache.juli.logging.DirectJDKLog.log 173 - Starting Servlet engine: [Apache Tomcat/10.1.30]
13:18:40.495 [restartedMain] INFO  o.apache.juli.logging.DirectJDKLog.log 173 - Initializing Spring embedded WebApplicationContext
13:18:40.495 [restartedMain] INFO  o.s.b.w.s.c.ServletWebServerApplicationContext.prepareWebApplicationContext 296 - Root WebApplicationContext: initialization completed in 427 ms
13:18:40.555 [restartedMain] INFO  o.h.jpa.internal.util.LogHelper.logPersistenceUnitInformation 31 - HHH000204: Processing PersistenceUnitInfo [name: default]
13:18:40.560 [restartedMain] INFO  o.h.c.i.RegionFactoryInitiator.initiateService 50 - HHH000026: Second-level cache disabled
13:18:40.574 [restartedMain] INFO  o.s.o.j.p.SpringPersistenceUnitInfo.addTransformer 87 - No LoadTimeWeaver setup: ignoring JPA class transformer
13:18:40.576 [restartedMain] INFO  com.zaxxer.hikari.HikariDataSource.getConnection 109 - HikariPool-5 - Starting...
13:18:41.124 [restartedMain] INFO  com.zaxxer.hikari.pool.HikariPool.checkFailFast 554 - HikariPool-5 - Added connection com.mysql.cj.jdbc.ConnectionImpl@17b65852
13:18:41.124 [restartedMain] INFO  com.zaxxer.hikari.HikariDataSource.getConnection 122 - HikariPool-5 - Start completed.
13:18:41.177 [restartedMain] WARN  o.h.e.j.d.i.DialectFactoryImpl.constructDialect 153 - HHH90000025: MySQLDialect does not need to be specified explicitly using 'hibernate.dialect' (remove the property setting and it will be selected by default)
13:18:41.249 [restartedMain] INFO  o.h.e.t.j.p.i.JtaPlatformInitiator.initiateService 59 - HHH000489: No JTA platform available (set 'hibernate.transaction.jta.platform' to enable JTA platform integration)
13:18:42.030 [restartedMain] INFO  o.s.o.j.AbstractEntityManagerFactoryBean.buildNativeEntityManagerFactory 437 - Initialized JPA EntityManagerFactory for persistence unit 'default'
13:18:42.098 [restartedMain] INFO  c.m.E.config.SecurityConfig.authenticationProvider 51 - org.springframework.security.authentication.dao.DaoAuthenticationProvider@5b07b9ed
13:18:42.099 [restartedMain] INFO  o.s.s.c.a.a.c.InitializeAuthenticationProviderBeanManagerConfigurer$InitializeAuthenticationProviderManagerConfigurer.configure 83 - Global AuthenticationManager configured with AuthenticationProvider bean with name authenticationProvider
13:18:42.099 [restartedMain] WARN  o.s.s.c.a.a.c.InitializeUserDetailsBeanManagerConfigurer$InitializeUserDetailsManagerConfigurer.configure 72 - Global AuthenticationManager configured with an AuthenticationProvider bean. UserDetailsService beans will not be used for username/password login. Consider removing the AuthenticationProvider bean. Alternatively, consider using the UserDetailsService in a manually instantiated DaoAuthenticationProvider.
13:18:42.174 [restartedMain] WARN  o.s.b.a.o.j.JpaBaseConfiguration$JpaWebConfiguration.openEntityManagerInViewInterceptor 236 - spring.jpa.open-in-view is enabled by default. Therefore, database queries may be performed during view rendering. Explicitly configure spring.jpa.open-in-view to disable this warning
13:18:42.273 [restartedMain] INFO  o.s.b.d.a.OptionalLiveReloadServer.startServer 59 - LiveReload server is running on port 35729
13:18:42.281 [restartedMain] INFO  o.apache.juli.logging.DirectJDKLog.log 173 - Starting ProtocolHandler ["http-nio-8080"]
13:18:42.285 [restartedMain] INFO  o.s.b.w.e.tomcat.TomcatWebServer.start 243 - Tomcat started on port 8080 (http) with context path '/'
13:18:42.289 [restartedMain] INFO  o.s.boot.StartupInfoLogger.logStarted 56 - Started ExpenseTracker in 2.266 seconds (process running for 327.041)
13:18:42.291 [restartedMain] INFO  o.s.b.d.a.ConditionEvaluationDeltaLoggingListener.onApplicationEvent 63 - Condition evaluation unchanged
13:23:18.174 [File Watcher] INFO  o.s.b.d.a.LocalDevToolsAutoConfiguration$RestartingClassPathChangeChangedEventListener.onApplicationEvent 211 - Restarting due to 3 class path changes (0 additions, 3 deletions, 0 modifications)
13:23:18.177 [Thread-19] INFO  o.apache.juli.logging.DirectJDKLog.log 173 - Stopping ProtocolHandler ["http-nio-8080"]
13:23:18.192 [Thread-19] INFO  o.s.o.j.AbstractEntityManagerFactoryBean.destroy 650 - Closing JPA EntityManagerFactory for persistence unit 'default'
13:23:18.193 [Thread-19] INFO  com.zaxxer.hikari.HikariDataSource.close 349 - HikariPool-5 - Shutdown initiated...
13:23:18.199 [Thread-19] INFO  com.zaxxer.hikari.HikariDataSource.close 351 - HikariPool-5 - Shutdown completed.
13:23:18.334 [restartedMain] INFO  o.s.boot.StartupInfoLogger.logStarting 50 - Starting ExpenseTracker using Java 22.0.2 with PID 12248 (C:\Users\Purshottam Mishra\OneDrive\Documents\JavaProjects\ExpenseTracker\target\classes started by Purshottam Mishra in C:\Users\Purshottam Mishra\OneDrive\Documents\JavaProjects\ExpenseTracker)
13:23:18.334 [restartedMain] INFO  o.s.boot.SpringApplication.logStartupProfileInfo 654 - No active profile set, falling back to 1 default profile: "default"
13:23:18.626 [restartedMain] INFO  o.s.d.r.c.RepositoryConfigurationDelegate.registerRepositoriesIn 143 - Bootstrapping Spring Data JPA repositories in DEFAULT mode.
13:23:18.654 [restartedMain] INFO  o.s.d.r.c.RepositoryConfigurationDelegate.registerRepositoriesIn 211 - Finished Spring Data repository scanning in 28 ms. Found 4 JPA repository interfaces.
13:23:18.775 [restartedMain] INFO  o.s.b.w.e.tomcat.TomcatWebServer.initialize 111 - Tomcat initialized with port 8080 (http)
13:23:18.776 [restartedMain] INFO  o.apache.juli.logging.DirectJDKLog.log 173 - Initializing ProtocolHandler ["http-nio-8080"]
13:23:18.776 [restartedMain] INFO  o.apache.juli.logging.DirectJDKLog.log 173 - Starting service [Tomcat]
13:23:18.776 [restartedMain] INFO  o.apache.juli.logging.DirectJDKLog.log 173 - Starting Servlet engine: [Apache Tomcat/10.1.30]
13:23:18.802 [restartedMain] INFO  o.apache.juli.logging.DirectJDKLog.log 173 - Initializing Spring embedded WebApplicationContext
13:23:18.802 [restartedMain] INFO  o.s.b.w.s.c.ServletWebServerApplicationContext.prepareWebApplicationContext 296 - Root WebApplicationContext: initialization completed in 465 ms
13:23:18.851 [restartedMain] INFO  o.h.jpa.internal.util.LogHelper.logPersistenceUnitInformation 31 - HHH000204: Processing PersistenceUnitInfo [name: default]
13:23:18.854 [restartedMain] INFO  o.h.c.i.RegionFactoryInitiator.initiateService 50 - HHH000026: Second-level cache disabled
13:23:18.871 [restartedMain] INFO  o.s.o.j.p.SpringPersistenceUnitInfo.addTransformer 87 - No LoadTimeWeaver setup: ignoring JPA class transformer
13:23:18.873 [restartedMain] INFO  com.zaxxer.hikari.HikariDataSource.getConnection 109 - HikariPool-6 - Starting...
13:23:19.470 [restartedMain] INFO  com.zaxxer.hikari.pool.HikariPool.checkFailFast 554 - HikariPool-6 - Added connection com.mysql.cj.jdbc.ConnectionImpl@6ef66718
13:23:19.470 [restartedMain] INFO  com.zaxxer.hikari.HikariDataSource.getConnection 122 - HikariPool-6 - Start completed.
13:23:19.522 [restartedMain] WARN  o.h.e.j.d.i.DialectFactoryImpl.constructDialect 153 - HHH90000025: MySQLDialect does not need to be specified explicitly using 'hibernate.dialect' (remove the property setting and it will be selected by default)
13:23:19.626 [restartedMain] INFO  o.h.e.t.j.p.i.JtaPlatformInitiator.initiateService 59 - HHH000489: No JTA platform available (set 'hibernate.transaction.jta.platform' to enable JTA platform integration)
13:23:20.417 [restartedMain] INFO  o.s.o.j.AbstractEntityManagerFactoryBean.buildNativeEntityManagerFactory 437 - Initialized JPA EntityManagerFactory for persistence unit 'default'
13:23:20.494 [restartedMain] INFO  c.m.E.config.SecurityConfig.authenticationProvider 51 - org.springframework.security.authentication.dao.DaoAuthenticationProvider@73ea8a01
13:23:20.495 [restartedMain] INFO  o.s.s.c.a.a.c.InitializeAuthenticationProviderBeanManagerConfigurer$InitializeAuthenticationProviderManagerConfigurer.configure 83 - Global AuthenticationManager configured with AuthenticationProvider bean with name authenticationProvider
13:23:20.495 [restartedMain] WARN  o.s.s.c.a.a.c.InitializeUserDetailsBeanManagerConfigurer$InitializeUserDetailsManagerConfigurer.configure 72 - Global AuthenticationManager configured with an AuthenticationProvider bean. UserDetailsService beans will not be used for username/password login. Consider removing the AuthenticationProvider bean. Alternatively, consider using the UserDetailsService in a manually instantiated DaoAuthenticationProvider.
13:23:20.559 [restartedMain] WARN  o.s.b.a.o.j.JpaBaseConfiguration$JpaWebConfiguration.openEntityManagerInViewInterceptor 236 - spring.jpa.open-in-view is enabled by default. Therefore, database queries may be performed during view rendering. Explicitly configure spring.jpa.open-in-view to disable this warning
13:23:20.691 [restartedMain] INFO  o.s.b.d.a.OptionalLiveReloadServer.startServer 59 - LiveReload server is running on port 35729
13:23:20.697 [restartedMain] INFO  o.apache.juli.logging.DirectJDKLog.log 173 - Starting ProtocolHandler ["http-nio-8080"]
13:23:20.703 [restartedMain] INFO  o.s.b.w.e.tomcat.TomcatWebServer.start 243 - Tomcat started on port 8080 (http) with context path '/'
13:23:20.706 [restartedMain] INFO  o.s.boot.StartupInfoLogger.logStarted 56 - Started ExpenseTracker in 2.414 seconds (process running for 605.458)
13:23:20.708 [restartedMain] INFO  o.s.b.d.a.ConditionEvaluationDeltaLoggingListener.onApplicationEvent 63 - Condition evaluation unchanged
13:23:22.121 [File Watcher] INFO  o.s.b.d.a.LocalDevToolsAutoConfiguration$RestartingClassPathChangeChangedEventListener.onApplicationEvent 211 - Restarting due to 3 class path changes (3 additions, 0 deletions, 0 modifications)
13:23:22.123 [Thread-23] INFO  o.apache.juli.logging.DirectJDKLog.log 173 - Stopping ProtocolHandler ["http-nio-8080"]
13:23:22.141 [Thread-23] INFO  o.s.o.j.AbstractEntityManagerFactoryBean.destroy 650 - Closing JPA EntityManagerFactory for persistence unit 'default'
13:23:22.142 [Thread-23] INFO  com.zaxxer.hikari.HikariDataSource.close 349 - HikariPool-6 - Shutdown initiated...
13:23:22.356 [Thread-23] INFO  com.zaxxer.hikari.HikariDataSource.close 351 - HikariPool-6 - Shutdown completed.
13:23:22.530 [restartedMain] INFO  o.s.boot.StartupInfoLogger.logStarting 50 - Starting ExpenseTracker using Java 22.0.2 with PID 12248 (C:\Users\Purshottam Mishra\OneDrive\Documents\JavaProjects\ExpenseTracker\target\classes started by Purshottam Mishra in C:\Users\Purshottam Mishra\OneDrive\Documents\JavaProjects\ExpenseTracker)
13:23:22.531 [restartedMain] INFO  o.s.boot.SpringApplication.logStartupProfileInfo 654 - No active profile set, falling back to 1 default profile: "default"
13:23:22.774 [restartedMain] INFO  o.s.d.r.c.RepositoryConfigurationDelegate.registerRepositoriesIn 143 - Bootstrapping Spring Data JPA repositories in DEFAULT mode.
13:23:22.805 [restartedMain] INFO  o.s.d.r.c.RepositoryConfigurationDelegate.registerRepositoriesIn 211 - Finished Spring Data repository scanning in 29 ms. Found 5 JPA repository interfaces.
13:23:22.902 [restartedMain] INFO  o.s.b.w.e.tomcat.TomcatWebServer.initialize 111 - Tomcat initialized with port 8080 (http)
13:23:22.903 [restartedMain] INFO  o.apache.juli.logging.DirectJDKLog.log 173 - Initializing ProtocolHandler ["http-nio-8080"]
13:23:22.904 [restartedMain] INFO  o.apache.juli.logging.DirectJDKLog.log 173 - Starting service [Tomcat]
13:23:22.904 [restartedMain] INFO  o.apache.juli.logging.DirectJDKLog.log 173 - Starting Servlet engine: [Apache Tomcat/10.1.30]
13:23:22.933 [restartedMain] INFO  o.apache.juli.logging.DirectJDKLog.log 173 - Initializing Spring embedded WebApplicationContext
13:23:22.933 [restartedMain] INFO  o.s.b.w.s.c.ServletWebServerApplicationContext.prepareWebApplicationContext 296 - Root WebApplicationContext: initialization completed in 399 ms
13:23:22.969 [restartedMain] INFO  o.h.jpa.internal.util.LogHelper.logPersistenceUnitInformation 31 - HHH000204: Processing PersistenceUnitInfo [name: default]
13:23:22.972 [restartedMain] INFO  o.h.c.i.RegionFactoryInitiator.initiateService 50 - HHH000026: Second-level cache disabled
13:23:22.985 [restartedMain] INFO  o.s.o.j.p.SpringPersistenceUnitInfo.addTransformer 87 - No LoadTimeWeaver setup: ignoring JPA class transformer
13:23:22.986 [restartedMain] INFO  com.zaxxer.hikari.HikariDataSource.getConnection 109 - HikariPool-7 - Starting...
13:23:23.396 [restartedMain] INFO  com.zaxxer.hikari.pool.HikariPool.checkFailFast 554 - HikariPool-7 - Added connection com.mysql.cj.jdbc.ConnectionImpl@638b753d
13:23:23.397 [restartedMain] INFO  com.zaxxer.hikari.HikariDataSource.getConnection 122 - HikariPool-7 - Start completed.
13:23:23.435 [restartedMain] WARN  o.h.e.j.d.i.DialectFactoryImpl.constructDialect 153 - HHH90000025: MySQLDialect does not need to be specified explicitly using 'hibernate.dialect' (remove the property setting and it will be selected by default)
13:23:23.523 [restartedMain] INFO  o.h.e.t.j.p.i.JtaPlatformInitiator.initiateService 59 - HHH000489: No JTA platform available (set 'hibernate.transaction.jta.platform' to enable JTA platform integration)
13:23:24.087 [restartedMain] INFO  o.s.o.j.AbstractEntityManagerFactoryBean.buildNativeEntityManagerFactory 437 - Initialized JPA EntityManagerFactory for persistence unit 'default'
13:23:24.147 [restartedMain] INFO  c.m.E.config.SecurityConfig.authenticationProvider 51 - org.springframework.security.authentication.dao.DaoAuthenticationProvider@32b01b2a
13:23:24.153 [restartedMain] INFO  o.s.s.c.a.a.c.InitializeAuthenticationProviderBeanManagerConfigurer$InitializeAuthenticationProviderManagerConfigurer.configure 83 - Global AuthenticationManager configured with AuthenticationProvider bean with name authenticationProvider
13:23:24.153 [restartedMain] WARN  o.s.s.c.a.a.c.InitializeUserDetailsBeanManagerConfigurer$InitializeUserDetailsManagerConfigurer.configure 72 - Global AuthenticationManager configured with an AuthenticationProvider bean. UserDetailsService beans will not be used for username/password login. Consider removing the AuthenticationProvider bean. Alternatively, consider using the UserDetailsService in a manually instantiated DaoAuthenticationProvider.
13:23:24.207 [restartedMain] WARN  o.s.b.a.o.j.JpaBaseConfiguration$JpaWebConfiguration.openEntityManagerInViewInterceptor 236 - spring.jpa.open-in-view is enabled by default. Therefore, database queries may be performed during view rendering. Explicitly configure spring.jpa.open-in-view to disable this warning
13:23:24.270 [restartedMain] INFO  o.s.b.d.a.OptionalLiveReloadServer.startServer 59 - LiveReload server is running on port 35729
13:23:24.273 [restartedMain] INFO  o.apache.juli.logging.DirectJDKLog.log 173 - Starting ProtocolHandler ["http-nio-8080"]
13:23:24.277 [restartedMain] INFO  o.s.b.w.e.tomcat.TomcatWebServer.start 243 - Tomcat started on port 8080 (http) with context path '/'
13:23:24.279 [restartedMain] INFO  o.s.boot.StartupInfoLogger.logStarted 56 - Started ExpenseTracker in 1.803 seconds (process running for 609.031)
13:23:24.281 [restartedMain] INFO  o.s.b.d.a.ConditionEvaluationDeltaLoggingListener.onApplicationEvent 63 - Condition evaluation unchanged
13:23:59.044 [http-nio-8080-exec-6] INFO  o.apache.juli.logging.DirectJDKLog.log 173 - Initializing Spring DispatcherServlet 'dispatcherServlet'
13:23:59.044 [http-nio-8080-exec-6] INFO  o.s.web.servlet.FrameworkServlet.initServletBean 532 - Initializing Servlet 'dispatcherServlet'
13:23:59.045 [http-nio-8080-exec-6] INFO  o.s.web.servlet.FrameworkServlet.initServletBean 554 - Completed initialization in 1 ms
13:23:59.051 [http-nio-8080-exec-6] ERROR o.apache.juli.logging.DirectJDKLog.log 175 - Servlet.service() for servlet [dispatcherServlet] in context with path [] threw exception
io.jsonwebtoken.security.SignatureException: JWT signature does not match locally computed signature. JWT validity cannot be asserted and should not be trusted.
	at io.jsonwebtoken.impl.DefaultJwtParser.verifySignature(DefaultJwtParser.java:340)
	at io.jsonwebtoken.impl.DefaultJwtParser.parse(DefaultJwtParser.java:577)
	at io.jsonwebtoken.impl.DefaultJwtParser.parse(DefaultJwtParser.java:362)
	at io.jsonwebtoken.impl.DefaultJwtParser.parse(DefaultJwtParser.java:94)
	at io.jsonwebtoken.impl.io.AbstractParser.parse(AbstractParser.java:36)
	at io.jsonwebtoken.impl.io.AbstractParser.parse(AbstractParser.java:29)
	at io.jsonwebtoken.impl.DefaultJwtParser.parseSignedClaims(DefaultJwtParser.java:821)
	at com.msl.ExpenseTracker.service.JWTService.extractAllClaims(JWTService.java:70)
	at com.msl.ExpenseTracker.service.JWTService.extractClaim(JWTService.java:62)
	at com.msl.ExpenseTracker.service.JWTService.extractUserName(JWTService.java:58)
	at com.msl.ExpenseTracker.filter.JwtFilter.doFilterInternal(JwtFilter.java:36)
	at org.springframework.web.filter.OncePerRequestFilter.doFilter(OncePerRequestFilter.java:116)
	at org.springframework.security.web.FilterChainProxy$VirtualFilterChain.doFilter(FilterChainProxy.java:374)
	at org.springframework.security.web.authentication.logout.LogoutFilter.doFilter(LogoutFilter.java:107)
	at org.springframework.security.web.authentication.logout.LogoutFilter.doFilter(LogoutFilter.java:93)
	at org.springframework.security.web.FilterChainProxy$VirtualFilterChain.doFilter(FilterChainProxy.java:374)
	at org.springframework.security.web.header.HeaderWriterFilter.doHeadersAfter(HeaderWriterFilter.java:90)
	at org.springframework.security.web.header.HeaderWriterFilter.doFilterInternal(HeaderWriterFilter.java:75)
	at org.springframework.web.filter.OncePerRequestFilter.doFilter(OncePerRequestFilter.java:116)
	at org.springframework.security.web.FilterChainProxy$VirtualFilterChain.doFilter(FilterChainProxy.java:374)
	at org.springframework.security.web.context.SecurityContextHolderFilter.doFilter(SecurityContextHolderFilter.java:82)
	at org.springframework.security.web.context.SecurityContextHolderFilter.doFilter(SecurityContextHolderFilter.java:69)
	at org.springframework.security.web.FilterChainProxy$VirtualFilterChain.doFilter(FilterChainProxy.java:374)
	at org.springframework.security.web.context.request.async.WebAsyncManagerIntegrationFilter.doFilterInternal(WebAsyncManagerIntegrationFilter.java:62)
	at org.springframework.web.filter.OncePerRequestFilter.doFilter(OncePerRequestFilter.java:116)
	at org.springframework.security.web.FilterChainProxy$VirtualFilterChain.doFilter(FilterChainProxy.java:374)
	at org.springframework.security.web.session.DisableEncodeUrlFilter.doFilterInternal(DisableEncodeUrlFilter.java:42)
	at org.springframework.web.filter.OncePerRequestFilter.doFilter(OncePerRequestFilter.java:116)
	at org.springframework.security.web.FilterChainProxy$VirtualFilterChain.doFilter(FilterChainProxy.java:374)
	at org.springframework.security.web.FilterChainProxy.doFilterInternal(FilterChainProxy.java:233)
	at org.springframework.security.web.FilterChainProxy.doFilter(FilterChainProxy.java:191)
	at org.springframework.web.filter.CompositeFilter$VirtualFilterChain.doFilter(CompositeFilter.java:113)
	at org.springframework.web.servlet.handler.HandlerMappingIntrospector.lambda$createCacheFilter$3(HandlerMappingIntrospector.java:195)
	at org.springframework.web.filter.CompositeFilter$VirtualFilterChain.doFilter(CompositeFilter.java:113)
	at org.springframework.web.filter.CompositeFilter.doFilter(CompositeFilter.java:74)
	at org.springframework.security.config.annotation.web.configuration.WebMvcSecurityConfiguration$CompositeFilterChainProxy.doFilter(WebMvcSecurityConfiguration.java:230)
	at org.springframework.web.filter.DelegatingFilterProxy.invokeDelegate(DelegatingFilterProxy.java:352)
	at org.springframework.web.filter.DelegatingFilterProxy.doFilter(DelegatingFilterProxy.java:268)
	at org.apache.catalina.core.ApplicationFilterChain.internalDoFilter(ApplicationFilterChain.java:164)
	at org.apache.catalina.core.ApplicationFilterChain.doFilter(ApplicationFilterChain.java:140)
	at org.springframework.web.filter.RequestContextFilter.doFilterInternal(RequestContextFilter.java:100)
	at org.springframework.web.filter.OncePerRequestFilter.doFilter(OncePerRequestFilter.java:116)
	at org.apache.catalina.core.ApplicationFilterChain.internalDoFilter(ApplicationFilterChain.java:164)
	at org.apache.catalina.core.ApplicationFilterChain.doFilter(ApplicationFilterChain.java:140)
	at org.springframework.web.filter.FormContentFilter.doFilterInternal(FormContentFilter.java:93)
	at org.springframework.web.filter.OncePerRequestFilter.doFilter(OncePerRequestFilter.java:116)
	at org.apache.catalina.core.ApplicationFilterChain.internalDoFilter(ApplicationFilterChain.java:164)
	at org.apache.catalina.core.ApplicationFilterChain.doFilter(ApplicationFilterChain.java:140)
	at org.springframework.web.filter.CharacterEncodingFilter.doFilterInternal(CharacterEncodingFilter.java:201)
	at org.springframework.web.filter.OncePerRequestFilter.doFilter(OncePerRequestFilter.java:116)
	at org.apache.catalina.core.ApplicationFilterChain.internalDoFilter(ApplicationFilterChain.java:164)
	at org.apache.catalina.core.ApplicationFilterChain.doFilter(ApplicationFilterChain.java:140)
	at org.apache.catalina.core.StandardWrapperValve.invoke(StandardWrapperValve.java:167)
	at org.apache.catalina.core.StandardContextValve.invoke(StandardContextValve.java:90)
	at org.apache.catalina.authenticator.AuthenticatorBase.invoke(AuthenticatorBase.java:483)
	at org.apache.catalina.core.StandardHostValve.invoke(StandardHostValve.java:115)
	at org.apache.catalina.valves.ErrorReportValve.invoke(ErrorReportValve.java:93)
	at org.apache.catalina.core.StandardEngineValve.invoke(StandardEngineValve.java:74)
	at org.apache.catalina.connector.CoyoteAdapter.service(CoyoteAdapter.java:344)
	at org.apache.coyote.http11.Http11Processor.service(Http11Processor.java:384)
	at org.apache.coyote.AbstractProcessorLight.process(AbstractProcessorLight.java:63)
	at org.apache.coyote.AbstractProtocol$ConnectionHandler.process(AbstractProtocol.java:905)
	at org.apache.tomcat.util.net.NioEndpoint$SocketProcessor.doRun(NioEndpoint.java:1741)
	at org.apache.tomcat.util.net.SocketProcessorBase.run(SocketProcessorBase.java:52)
	at org.apache.tomcat.util.threads.ThreadPoolExecutor.runWorker(ThreadPoolExecutor.java:1190)
	at org.apache.tomcat.util.threads.ThreadPoolExecutor$Worker.run(ThreadPoolExecutor.java:659)
	at org.apache.tomcat.util.threads.TaskThread$WrappingRunnable.run(TaskThread.java:63)
	at java.base/java.lang.Thread.run(Thread.java:1570)
13:24:12.326 [http-nio-8080-exec-3] INFO  c.m.E.service.MyUserDetailsService.loadUserByUsername 23 - username 9117590964
13:24:12.791 [http-nio-8080-exec-3] INFO  c.m.E.service.AuthService.verify 103 - Login Successfully
13:24:12.793 [http-nio-8080-exec-3] INFO  c.m.E.service.AuthService.verify 114 - Response(code=LOGIN01, message=Login Successfully, jwtToken=eyJhbGciOiJIUzI1NiJ9.eyJzdWIiOiI5MTE3NTkwOTY0IiwiaWF0IjoxNzI4ODkyNDUyLCJleHAiOjE3Mjg5Nzg4NTJ9.i9oqfEwPhOAi1OoE13HecVxEN5ktdb1HL9mP3t7Ln90)
13:24:50.400 [http-nio-8080-exec-4] INFO  c.m.E.service.MyUserDetailsService.loadUserByUsername 23 - username 9117590964
13:26:48.488 [File Watcher] INFO  o.s.b.d.a.LocalDevToolsAutoConfiguration$RestartingClassPathChangeChangedEventListener.onApplicationEvent 211 - Restarting due to 3 class path changes (0 additions, 3 deletions, 0 modifications)
13:26:48.491 [Thread-27] INFO  o.apache.juli.logging.DirectJDKLog.log 173 - Stopping ProtocolHandler ["http-nio-8080"]
13:26:48.506 [Thread-27] INFO  o.s.o.j.AbstractEntityManagerFactoryBean.destroy 650 - Closing JPA EntityManagerFactory for persistence unit 'default'
13:26:48.506 [Thread-27] INFO  com.zaxxer.hikari.HikariDataSource.close 349 - HikariPool-7 - Shutdown initiated...
13:26:48.509 [Thread-27] INFO  com.zaxxer.hikari.HikariDataSource.close 351 - HikariPool-7 - Shutdown completed.
13:26:48.628 [restartedMain] INFO  o.s.boot.StartupInfoLogger.logStarting 50 - Starting ExpenseTracker using Java 22.0.2 with PID 12248 (C:\Users\Purshottam Mishra\OneDrive\Documents\JavaProjects\ExpenseTracker\target\classes started by Purshottam Mishra in C:\Users\Purshottam Mishra\OneDrive\Documents\JavaProjects\ExpenseTracker)
13:26:48.629 [restartedMain] INFO  o.s.boot.SpringApplication.logStartupProfileInfo 654 - No active profile set, falling back to 1 default profile: "default"
13:26:48.804 [restartedMain] INFO  o.s.d.r.c.RepositoryConfigurationDelegate.registerRepositoriesIn 143 - Bootstrapping Spring Data JPA repositories in DEFAULT mode.
13:26:48.823 [restartedMain] INFO  o.s.d.r.c.RepositoryConfigurationDelegate.registerRepositoriesIn 211 - Finished Spring Data repository scanning in 18 ms. Found 4 JPA repository interfaces.
13:26:48.917 [restartedMain] INFO  o.s.b.w.e.tomcat.TomcatWebServer.initialize 111 - Tomcat initialized with port 8080 (http)
13:26:48.918 [restartedMain] INFO  o.apache.juli.logging.DirectJDKLog.log 173 - Initializing ProtocolHandler ["http-nio-8080"]
13:26:48.919 [restartedMain] INFO  o.apache.juli.logging.DirectJDKLog.log 173 - Starting service [Tomcat]
13:26:48.919 [restartedMain] INFO  o.apache.juli.logging.DirectJDKLog.log 173 - Starting Servlet engine: [Apache Tomcat/10.1.30]
13:26:48.936 [restartedMain] INFO  o.apache.juli.logging.DirectJDKLog.log 173 - Initializing Spring embedded WebApplicationContext
13:26:48.936 [restartedMain] INFO  o.s.b.w.s.c.ServletWebServerApplicationContext.prepareWebApplicationContext 296 - Root WebApplicationContext: initialization completed in 305 ms
13:26:48.969 [restartedMain] INFO  o.h.jpa.internal.util.LogHelper.logPersistenceUnitInformation 31 - HHH000204: Processing PersistenceUnitInfo [name: default]
13:26:48.972 [restartedMain] INFO  o.h.c.i.RegionFactoryInitiator.initiateService 50 - HHH000026: Second-level cache disabled
13:26:48.979 [restartedMain] INFO  o.s.o.j.p.SpringPersistenceUnitInfo.addTransformer 87 - No LoadTimeWeaver setup: ignoring JPA class transformer
13:26:48.980 [restartedMain] INFO  com.zaxxer.hikari.HikariDataSource.getConnection 109 - HikariPool-8 - Starting...
13:26:49.554 [restartedMain] INFO  com.zaxxer.hikari.pool.HikariPool.checkFailFast 554 - HikariPool-8 - Added connection com.mysql.cj.jdbc.ConnectionImpl@418572ff
13:26:49.554 [restartedMain] INFO  com.zaxxer.hikari.HikariDataSource.getConnection 122 - HikariPool-8 - Start completed.
13:26:49.602 [restartedMain] WARN  o.h.e.j.d.i.DialectFactoryImpl.constructDialect 153 - HHH90000025: MySQLDialect does not need to be specified explicitly using 'hibernate.dialect' (remove the property setting and it will be selected by default)
13:26:49.702 [restartedMain] INFO  o.h.e.t.j.p.i.JtaPlatformInitiator.initiateService 59 - HHH000489: No JTA platform available (set 'hibernate.transaction.jta.platform' to enable JTA platform integration)
13:26:50.474 [restartedMain] INFO  o.s.o.j.AbstractEntityManagerFactoryBean.buildNativeEntityManagerFactory 437 - Initialized JPA EntityManagerFactory for persistence unit 'default'
13:26:50.542 [restartedMain] INFO  c.m.E.config.SecurityConfig.authenticationProvider 51 - org.springframework.security.authentication.dao.DaoAuthenticationProvider@2f8d1f2a
13:26:50.542 [restartedMain] INFO  o.s.s.c.a.a.c.InitializeAuthenticationProviderBeanManagerConfigurer$InitializeAuthenticationProviderManagerConfigurer.configure 83 - Global AuthenticationManager configured with AuthenticationProvider bean with name authenticationProvider
13:26:50.542 [restartedMain] WARN  o.s.s.c.a.a.c.InitializeUserDetailsBeanManagerConfigurer$InitializeUserDetailsManagerConfigurer.configure 72 - Global AuthenticationManager configured with an AuthenticationProvider bean. UserDetailsService beans will not be used for username/password login. Consider removing the AuthenticationProvider bean. Alternatively, consider using the UserDetailsService in a manually instantiated DaoAuthenticationProvider.
13:26:50.606 [restartedMain] WARN  o.s.b.a.o.j.JpaBaseConfiguration$JpaWebConfiguration.openEntityManagerInViewInterceptor 236 - spring.jpa.open-in-view is enabled by default. Therefore, database queries may be performed during view rendering. Explicitly configure spring.jpa.open-in-view to disable this warning
13:26:50.705 [restartedMain] INFO  o.s.b.d.a.OptionalLiveReloadServer.startServer 59 - LiveReload server is running on port 35729
13:26:50.710 [restartedMain] INFO  o.apache.juli.logging.DirectJDKLog.log 173 - Starting ProtocolHandler ["http-nio-8080"]
13:26:50.714 [restartedMain] INFO  o.s.b.w.e.tomcat.TomcatWebServer.start 243 - Tomcat started on port 8080 (http) with context path '/'
13:26:50.715 [restartedMain] INFO  o.s.boot.StartupInfoLogger.logStarted 56 - Started ExpenseTracker in 2.12 seconds (process running for 815.468)
13:26:50.718 [restartedMain] INFO  o.s.b.d.a.ConditionEvaluationDeltaLoggingListener.onApplicationEvent 63 - Condition evaluation unchanged
13:26:52.154 [File Watcher] INFO  o.s.b.d.a.LocalDevToolsAutoConfiguration$RestartingClassPathChangeChangedEventListener.onApplicationEvent 211 - Restarting due to 3 class path changes (3 additions, 0 deletions, 0 modifications)
13:26:52.157 [Thread-31] INFO  o.apache.juli.logging.DirectJDKLog.log 173 - Stopping ProtocolHandler ["http-nio-8080"]
13:26:52.173 [Thread-31] INFO  o.s.o.j.AbstractEntityManagerFactoryBean.destroy 650 - Closing JPA EntityManagerFactory for persistence unit 'default'
13:26:52.174 [Thread-31] INFO  com.zaxxer.hikari.HikariDataSource.close 349 - HikariPool-8 - Shutdown initiated...
13:26:52.325 [Thread-31] INFO  com.zaxxer.hikari.HikariDataSource.close 351 - HikariPool-8 - Shutdown completed.
13:26:52.486 [restartedMain] INFO  o.s.boot.StartupInfoLogger.logStarting 50 - Starting ExpenseTracker using Java 22.0.2 with PID 12248 (C:\Users\Purshottam Mishra\OneDrive\Documents\JavaProjects\ExpenseTracker\target\classes started by Purshottam Mishra in C:\Users\Purshottam Mishra\OneDrive\Documents\JavaProjects\ExpenseTracker)
13:26:52.487 [restartedMain] INFO  o.s.boot.SpringApplication.logStartupProfileInfo 654 - No active profile set, falling back to 1 default profile: "default"
13:26:52.752 [restartedMain] INFO  o.s.d.r.c.RepositoryConfigurationDelegate.registerRepositoriesIn 143 - Bootstrapping Spring Data JPA repositories in DEFAULT mode.
13:26:52.775 [restartedMain] INFO  o.s.d.r.c.RepositoryConfigurationDelegate.registerRepositoriesIn 211 - Finished Spring Data repository scanning in 22 ms. Found 5 JPA repository interfaces.
13:26:52.885 [restartedMain] INFO  o.s.b.w.e.tomcat.TomcatWebServer.initialize 111 - Tomcat initialized with port 8080 (http)
13:26:52.886 [restartedMain] INFO  o.apache.juli.logging.DirectJDKLog.log 173 - Initializing ProtocolHandler ["http-nio-8080"]
13:26:52.886 [restartedMain] INFO  o.apache.juli.logging.DirectJDKLog.log 173 - Starting service [Tomcat]
13:26:52.886 [restartedMain] INFO  o.apache.juli.logging.DirectJDKLog.log 173 - Starting Servlet engine: [Apache Tomcat/10.1.30]
13:26:52.903 [restartedMain] INFO  o.apache.juli.logging.DirectJDKLog.log 173 - Initializing Spring embedded WebApplicationContext
13:26:52.903 [restartedMain] INFO  o.s.b.w.s.c.ServletWebServerApplicationContext.prepareWebApplicationContext 296 - Root WebApplicationContext: initialization completed in 413 ms
13:26:52.933 [restartedMain] INFO  o.h.jpa.internal.util.LogHelper.logPersistenceUnitInformation 31 - HHH000204: Processing PersistenceUnitInfo [name: default]
13:26:52.936 [restartedMain] INFO  o.h.c.i.RegionFactoryInitiator.initiateService 50 - HHH000026: Second-level cache disabled
13:26:52.944 [restartedMain] INFO  o.s.o.j.p.SpringPersistenceUnitInfo.addTransformer 87 - No LoadTimeWeaver setup: ignoring JPA class transformer
13:26:52.945 [restartedMain] INFO  com.zaxxer.hikari.HikariDataSource.getConnection 109 - HikariPool-9 - Starting...
13:26:53.603 [restartedMain] INFO  com.zaxxer.hikari.pool.HikariPool.checkFailFast 554 - HikariPool-9 - Added connection com.mysql.cj.jdbc.ConnectionImpl@482d0f5b
13:26:53.603 [restartedMain] INFO  com.zaxxer.hikari.HikariDataSource.getConnection 122 - HikariPool-9 - Start completed.
13:26:53.655 [restartedMain] WARN  o.h.e.j.d.i.DialectFactoryImpl.constructDialect 153 - HHH90000025: MySQLDialect does not need to be specified explicitly using 'hibernate.dialect' (remove the property setting and it will be selected by default)
13:26:53.757 [restartedMain] INFO  o.h.e.t.j.p.i.JtaPlatformInitiator.initiateService 59 - HHH000489: No JTA platform available (set 'hibernate.transaction.jta.platform' to enable JTA platform integration)
13:26:54.560 [restartedMain] INFO  o.s.o.j.AbstractEntityManagerFactoryBean.buildNativeEntityManagerFactory 437 - Initialized JPA EntityManagerFactory for persistence unit 'default'
13:26:54.661 [restartedMain] INFO  c.m.E.config.SecurityConfig.authenticationProvider 51 - org.springframework.security.authentication.dao.DaoAuthenticationProvider@636eb5fc
13:26:54.662 [restartedMain] INFO  o.s.s.c.a.a.c.InitializeAuthenticationProviderBeanManagerConfigurer$InitializeAuthenticationProviderManagerConfigurer.configure 83 - Global AuthenticationManager configured with AuthenticationProvider bean with name authenticationProvider
13:26:54.662 [restartedMain] WARN  o.s.s.c.a.a.c.InitializeUserDetailsBeanManagerConfigurer$InitializeUserDetailsManagerConfigurer.configure 72 - Global AuthenticationManager configured with an AuthenticationProvider bean. UserDetailsService beans will not be used for username/password login. Consider removing the AuthenticationProvider bean. Alternatively, consider using the UserDetailsService in a manually instantiated DaoAuthenticationProvider.
13:26:54.708 [restartedMain] WARN  o.s.c.s.AbstractApplicationContext.refresh 633 - Exception encountered during context initialization - cancelling refresh attempt: org.springframework.beans.factory.UnsatisfiedDependencyException: Error creating bean with name 'expensesController': Unsatisfied dependency expressed through field 'service': Error creating bean with name 'expensesService': Unsatisfied dependency expressed through field 'repo': Error creating bean with name 'expensesRepo' defined in com.msl.ExpenseTracker.repo.ExpensesRepo defined in @EnableJpaRepositories declared on JpaRepositoriesRegistrar.EnableJpaRepositoriesConfiguration: Could not create query for public abstract java.util.List com.msl.ExpenseTracker.repo.ExpensesRepo.findByCategory(int); Reason: Failed to create query for method public abstract java.util.List com.msl.ExpenseTracker.repo.ExpensesRepo.findByCategory(int); Cannot compare left expression of type 'com.msl.ExpenseTracker.model.Categories' with right expression of type 'java.lang.Integer'
13:26:54.709 [restartedMain] INFO  o.s.o.j.AbstractEntityManagerFactoryBean.destroy 650 - Closing JPA EntityManagerFactory for persistence unit 'default'
13:26:54.710 [restartedMain] INFO  com.zaxxer.hikari.HikariDataSource.close 349 - HikariPool-9 - Shutdown initiated...
13:26:54.738 [restartedMain] INFO  com.zaxxer.hikari.HikariDataSource.close 351 - HikariPool-9 - Shutdown completed.
13:26:54.739 [restartedMain] INFO  o.apache.juli.logging.DirectJDKLog.log 173 - Stopping service [Tomcat]
13:26:54.745 [restartedMain] INFO  o.s.b.a.l.ConditionEvaluationReportLogger.logMessage 82 - 

Error starting ApplicationContext. To display the condition evaluation report re-run your application with 'debug' enabled.
13:26:54.782 [restartedMain] ERROR o.s.boot.SpringApplication.reportFailure 859 - Application run failed
org.springframework.beans.factory.UnsatisfiedDependencyException: Error creating bean with name 'expensesController': Unsatisfied dependency expressed through field 'service': Error creating bean with name 'expensesService': Unsatisfied dependency expressed through field 'repo': Error creating bean with name 'expensesRepo' defined in com.msl.ExpenseTracker.repo.ExpensesRepo defined in @EnableJpaRepositories declared on JpaRepositoriesRegistrar.EnableJpaRepositoriesConfiguration: Could not create query for public abstract java.util.List com.msl.ExpenseTracker.repo.ExpensesRepo.findByCategory(int); Reason: Failed to create query for method public abstract java.util.List com.msl.ExpenseTracker.repo.ExpensesRepo.findByCategory(int); Cannot compare left expression of type 'com.msl.ExpenseTracker.model.Categories' with right expression of type 'java.lang.Integer'
	at org.springframework.beans.factory.annotation.AutowiredAnnotationBeanPostProcessor$AutowiredFieldElement.resolveFieldValue(AutowiredAnnotationBeanPostProcessor.java:788)
	at org.springframework.beans.factory.annotation.AutowiredAnnotationBeanPostProcessor$AutowiredFieldElement.inject(AutowiredAnnotationBeanPostProcessor.java:768)
	at org.springframework.beans.factory.annotation.InjectionMetadata.inject(InjectionMetadata.java:145)
	at org.springframework.beans.factory.annotation.AutowiredAnnotationBeanPostProcessor.postProcessProperties(AutowiredAnnotationBeanPostProcessor.java:509)
	at org.springframework.beans.factory.support.AbstractAutowireCapableBeanFactory.populateBean(AbstractAutowireCapableBeanFactory.java:1439)
	at org.springframework.beans.factory.support.AbstractAutowireCapableBeanFactory.doCreateBean(AbstractAutowireCapableBeanFactory.java:599)
	at org.springframework.beans.factory.support.AbstractAutowireCapableBeanFactory.createBean(AbstractAutowireCapableBeanFactory.java:522)
	at org.springframework.beans.factory.support.AbstractBeanFactory.lambda$doGetBean$0(AbstractBeanFactory.java:337)
	at org.springframework.beans.factory.support.DefaultSingletonBeanRegistry.getSingleton(DefaultSingletonBeanRegistry.java:234)
	at org.springframework.beans.factory.support.AbstractBeanFactory.doGetBean(AbstractBeanFactory.java:335)
	at org.springframework.beans.factory.support.AbstractBeanFactory.getBean(AbstractBeanFactory.java:200)
	at org.springframework.beans.factory.support.DefaultListableBeanFactory.preInstantiateSingletons(DefaultListableBeanFactory.java:975)
	at org.springframework.context.support.AbstractApplicationContext.finishBeanFactoryInitialization(AbstractApplicationContext.java:971)
	at org.springframework.context.support.AbstractApplicationContext.refresh(AbstractApplicationContext.java:625)
	at org.springframework.boot.web.servlet.context.ServletWebServerApplicationContext.refresh(ServletWebServerApplicationContext.java:146)
	at org.springframework.boot.SpringApplication.refresh(SpringApplication.java:754)
	at org.springframework.boot.SpringApplication.refreshContext(SpringApplication.java:456)
	at org.springframework.boot.SpringApplication.run(SpringApplication.java:335)
	at org.springframework.boot.SpringApplication.run(SpringApplication.java:1363)
	at org.springframework.boot.SpringApplication.run(SpringApplication.java:1352)
	at com.msl.ExpenseTracker.ExpenseTracker.main(ExpenseTracker.java:9)
	at java.base/jdk.internal.reflect.DirectMethodHandleAccessor.invoke(DirectMethodHandleAccessor.java:103)
	at java.base/java.lang.reflect.Method.invoke(Method.java:580)
	at org.springframework.boot.devtools.restart.RestartLauncher.run(RestartLauncher.java:50)
Caused by: org.springframework.beans.factory.UnsatisfiedDependencyException: Error creating bean with name 'expensesService': Unsatisfied dependency expressed through field 'repo': Error creating bean with name 'expensesRepo' defined in com.msl.ExpenseTracker.repo.ExpensesRepo defined in @EnableJpaRepositories declared on JpaRepositoriesRegistrar.EnableJpaRepositoriesConfiguration: Could not create query for public abstract java.util.List com.msl.ExpenseTracker.repo.ExpensesRepo.findByCategory(int); Reason: Failed to create query for method public abstract java.util.List com.msl.ExpenseTracker.repo.ExpensesRepo.findByCategory(int); Cannot compare left expression of type 'com.msl.ExpenseTracker.model.Categories' with right expression of type 'java.lang.Integer'
	at org.springframework.beans.factory.annotation.AutowiredAnnotationBeanPostProcessor$AutowiredFieldElement.resolveFieldValue(AutowiredAnnotationBeanPostProcessor.java:788)
	at org.springframework.beans.factory.annotation.AutowiredAnnotationBeanPostProcessor$AutowiredFieldElement.inject(AutowiredAnnotationBeanPostProcessor.java:768)
	at org.springframework.beans.factory.annotation.InjectionMetadata.inject(InjectionMetadata.java:145)
	at org.springframework.beans.factory.annotation.AutowiredAnnotationBeanPostProcessor.postProcessProperties(AutowiredAnnotationBeanPostProcessor.java:509)
	at org.springframework.beans.factory.support.AbstractAutowireCapableBeanFactory.populateBean(AbstractAutowireCapableBeanFactory.java:1439)
	at org.springframework.beans.factory.support.AbstractAutowireCapableBeanFactory.doCreateBean(AbstractAutowireCapableBeanFactory.java:599)
	at org.springframework.beans.factory.support.AbstractAutowireCapableBeanFactory.createBean(AbstractAutowireCapableBeanFactory.java:522)
	at org.springframework.beans.factory.support.AbstractBeanFactory.lambda$doGetBean$0(AbstractBeanFactory.java:337)
	at org.springframework.beans.factory.support.DefaultSingletonBeanRegistry.getSingleton(DefaultSingletonBeanRegistry.java:234)
	at org.springframework.beans.factory.support.AbstractBeanFactory.doGetBean(AbstractBeanFactory.java:335)
	at org.springframework.beans.factory.support.AbstractBeanFactory.getBean(AbstractBeanFactory.java:200)
	at org.springframework.beans.factory.config.DependencyDescriptor.resolveCandidate(DependencyDescriptor.java:254)
	at org.springframework.beans.factory.support.DefaultListableBeanFactory.doResolveDependency(DefaultListableBeanFactory.java:1443)
	at org.springframework.beans.factory.support.DefaultListableBeanFactory.resolveDependency(DefaultListableBeanFactory.java:1353)
	at org.springframework.beans.factory.annotation.AutowiredAnnotationBeanPostProcessor$AutowiredFieldElement.resolveFieldValue(AutowiredAnnotationBeanPostProcessor.java:785)
	... 23 common frames omitted
Caused by: org.springframework.beans.factory.BeanCreationException: Error creating bean with name 'expensesRepo' defined in com.msl.ExpenseTracker.repo.ExpensesRepo defined in @EnableJpaRepositories declared on JpaRepositoriesRegistrar.EnableJpaRepositoriesConfiguration: Could not create query for public abstract java.util.List com.msl.ExpenseTracker.repo.ExpensesRepo.findByCategory(int); Reason: Failed to create query for method public abstract java.util.List com.msl.ExpenseTracker.repo.ExpensesRepo.findByCategory(int); Cannot compare left expression of type 'com.msl.ExpenseTracker.model.Categories' with right expression of type 'java.lang.Integer'
	at org.springframework.beans.factory.support.AbstractAutowireCapableBeanFactory.initializeBean(AbstractAutowireCapableBeanFactory.java:1806)
	at org.springframework.beans.factory.support.AbstractAutowireCapableBeanFactory.doCreateBean(AbstractAutowireCapableBeanFactory.java:600)
	at org.springframework.beans.factory.support.AbstractAutowireCapableBeanFactory.createBean(AbstractAutowireCapableBeanFactory.java:522)
	at org.springframework.beans.factory.support.AbstractBeanFactory.lambda$doGetBean$0(AbstractBeanFactory.java:337)
	at org.springframework.beans.factory.support.DefaultSingletonBeanRegistry.getSingleton(DefaultSingletonBeanRegistry.java:234)
	at org.springframework.beans.factory.support.AbstractBeanFactory.doGetBean(AbstractBeanFactory.java:335)
	at org.springframework.beans.factory.support.AbstractBeanFactory.getBean(AbstractBeanFactory.java:200)
	at org.springframework.beans.factory.config.DependencyDescriptor.resolveCandidate(DependencyDescriptor.java:254)
	at org.springframework.beans.factory.support.DefaultListableBeanFactory.doResolveDependency(DefaultListableBeanFactory.java:1443)
	at org.springframework.beans.factory.support.DefaultListableBeanFactory.resolveDependency(DefaultListableBeanFactory.java:1353)
	at org.springframework.beans.factory.annotation.AutowiredAnnotationBeanPostProcessor$AutowiredFieldElement.resolveFieldValue(AutowiredAnnotationBeanPostProcessor.java:785)
	... 37 common frames omitted
Caused by: org.springframework.data.repository.query.QueryCreationException: Could not create query for public abstract java.util.List com.msl.ExpenseTracker.repo.ExpensesRepo.findByCategory(int); Reason: Failed to create query for method public abstract java.util.List com.msl.ExpenseTracker.repo.ExpensesRepo.findByCategory(int); Cannot compare left expression of type 'com.msl.ExpenseTracker.model.Categories' with right expression of type 'java.lang.Integer'
	at org.springframework.data.repository.query.QueryCreationException.create(QueryCreationException.java:101)
	at org.springframework.data.repository.core.support.QueryExecutorMethodInterceptor.lookupQuery(QueryExecutorMethodInterceptor.java:119)
	at org.springframework.data.repository.core.support.QueryExecutorMethodInterceptor.mapMethodsToQuery(QueryExecutorMethodInterceptor.java:103)
	at org.springframework.data.repository.core.support.QueryExecutorMethodInterceptor.lambda$new$0(QueryExecutorMethodInterceptor.java:92)
	at java.base/java.util.Optional.map(Optional.java:260)
	at org.springframework.data.repository.core.support.QueryExecutorMethodInterceptor.<init>(QueryExecutorMethodInterceptor.java:92)
	at org.springframework.data.repository.core.support.RepositoryFactorySupport.getRepository(RepositoryFactorySupport.java:357)
	at org.springframework.data.repository.core.support.RepositoryFactoryBeanSupport.lambda$afterPropertiesSet$5(RepositoryFactoryBeanSupport.java:286)
	at org.springframework.data.util.Lazy.getNullable(Lazy.java:135)
	at org.springframework.data.util.Lazy.get(Lazy.java:113)
	at org.springframework.data.repository.core.support.RepositoryFactoryBeanSupport.afterPropertiesSet(RepositoryFactoryBeanSupport.java:292)
	at org.springframework.data.jpa.repository.support.JpaRepositoryFactoryBean.afterPropertiesSet(JpaRepositoryFactoryBean.java:132)
	at org.springframework.beans.factory.support.AbstractAutowireCapableBeanFactory.invokeInitMethods(AbstractAutowireCapableBeanFactory.java:1853)
	at org.springframework.beans.factory.support.AbstractAutowireCapableBeanFactory.initializeBean(AbstractAutowireCapableBeanFactory.java:1802)
	... 47 common frames omitted
Caused by: java.lang.IllegalArgumentException: Failed to create query for method public abstract java.util.List com.msl.ExpenseTracker.repo.ExpensesRepo.findByCategory(int); Cannot compare left expression of type 'com.msl.ExpenseTracker.model.Categories' with right expression of type 'java.lang.Integer'
	at org.springframework.data.jpa.repository.query.PartTreeJpaQuery.<init>(PartTreeJpaQuery.java:107)
	at org.springframework.data.jpa.repository.query.JpaQueryLookupStrategy$CreateQueryLookupStrategy.resolveQuery(JpaQueryLookupStrategy.java:124)
	at org.springframework.data.jpa.repository.query.JpaQueryLookupStrategy$CreateIfNotFoundQueryLookupStrategy.resolveQuery(JpaQueryLookupStrategy.java:258)
	at org.springframework.data.jpa.repository.query.JpaQueryLookupStrategy$AbstractQueryLookupStrategy.resolveQuery(JpaQueryLookupStrategy.java:95)
	at org.springframework.data.repository.core.support.QueryExecutorMethodInterceptor.lookupQuery(QueryExecutorMethodInterceptor.java:115)
	... 59 common frames omitted
Caused by: org.hibernate.query.SemanticException: Cannot compare left expression of type 'com.msl.ExpenseTracker.model.Categories' with right expression of type 'java.lang.Integer'
	at org.hibernate.query.sqm.internal.TypecheckUtil.assertComparable(TypecheckUtil.java:358)
	at org.hibernate.query.sqm.tree.predicate.SqmComparisonPredicate.<init>(SqmComparisonPredicate.java:48)
	at org.hibernate.query.sqm.tree.predicate.SqmComparisonPredicate.<init>(SqmComparisonPredicate.java:34)
	at org.hibernate.query.sqm.internal.SqmCriteriaNodeBuilder.equal(SqmCriteriaNodeBuilder.java:2143)
	at org.hibernate.query.sqm.internal.SqmCriteriaNodeBuilder.equal(SqmCriteriaNodeBuilder.java:190)
	at org.springframework.data.jpa.repository.query.JpaQueryCreator$PredicateBuilder.build(JpaQueryCreator.java:312)
	at org.springframework.data.jpa.repository.query.JpaQueryCreator.toPredicate(JpaQueryCreator.java:210)
	at org.springframework.data.jpa.repository.query.JpaQueryCreator.create(JpaQueryCreator.java:121)
	at org.springframework.data.jpa.repository.query.JpaQueryCreator.create(JpaQueryCreator.java:1)
	at org.springframework.data.repository.query.parser.AbstractQueryCreator.createCriteria(AbstractQueryCreator.java:119)
	at org.springframework.data.repository.query.parser.AbstractQueryCreator.createQuery(AbstractQueryCreator.java:95)
	at org.springframework.data.repository.query.parser.AbstractQueryCreator.createQuery(AbstractQueryCreator.java:81)
	at org.springframework.data.jpa.repository.query.PartTreeJpaQuery$QueryPreparer.<init>(PartTreeJpaQuery.java:224)
	at org.springframework.data.jpa.repository.query.PartTreeJpaQuery$CountQueryPreparer.<init>(PartTreeJpaQuery.java:370)
	at org.springframework.data.jpa.repository.query.PartTreeJpaQuery.<init>(PartTreeJpaQuery.java:103)
	... 63 common frames omitted
13:31:47.519 [restartedMain] INFO  o.s.boot.StartupInfoLogger.logStarting 50 - Starting ExpenseTracker using Java 22.0.2 with PID 13772 (C:\Users\Purshottam Mishra\OneDrive\Documents\JavaProjects\ExpenseTracker\target\classes started by Purshottam Mishra in C:\Users\Purshottam Mishra\OneDrive\Documents\JavaProjects\ExpenseTracker)
13:31:47.522 [restartedMain] INFO  o.s.boot.SpringApplication.logStartupProfileInfo 654 - No active profile set, falling back to 1 default profile: "default"
13:31:47.576 [restartedMain] INFO  o.s.boot.logging.DeferredLog.logTo 252 - Devtools property defaults active! Set 'spring.devtools.add-properties' to 'false' to disable
13:31:47.577 [restartedMain] INFO  o.s.boot.logging.DeferredLog.logTo 252 - For additional web related logging consider setting the 'logging.level.web' property to 'DEBUG'
13:31:48.490 [restartedMain] INFO  o.s.d.r.c.RepositoryConfigurationDelegate.registerRepositoriesIn 143 - Bootstrapping Spring Data JPA repositories in DEFAULT mode.
13:31:48.592 [restartedMain] INFO  o.s.d.r.c.RepositoryConfigurationDelegate.registerRepositoriesIn 211 - Finished Spring Data repository scanning in 89 ms. Found 5 JPA repository interfaces.
13:31:49.358 [restartedMain] INFO  o.s.b.w.e.tomcat.TomcatWebServer.initialize 111 - Tomcat initialized with port 8080 (http)
13:31:49.373 [restartedMain] INFO  o.apache.juli.logging.DirectJDKLog.log 173 - Initializing ProtocolHandler ["http-nio-8080"]
13:31:49.377 [restartedMain] INFO  o.apache.juli.logging.DirectJDKLog.log 173 - Starting service [Tomcat]
13:31:49.378 [restartedMain] INFO  o.apache.juli.logging.DirectJDKLog.log 173 - Starting Servlet engine: [Apache Tomcat/10.1.30]
13:31:49.426 [restartedMain] INFO  o.apache.juli.logging.DirectJDKLog.log 173 - Initializing Spring embedded WebApplicationContext
13:31:49.427 [restartedMain] INFO  o.s.b.w.s.c.ServletWebServerApplicationContext.prepareWebApplicationContext 296 - Root WebApplicationContext: initialization completed in 1849 ms
13:31:49.679 [restartedMain] INFO  o.h.jpa.internal.util.LogHelper.logPersistenceUnitInformation 31 - HHH000204: Processing PersistenceUnitInfo [name: default]
13:31:49.738 [restartedMain] INFO  org.hibernate.Version.logVersion 44 - HHH000412: Hibernate ORM core version 6.5.3.Final
13:31:49.774 [restartedMain] INFO  o.h.c.i.RegionFactoryInitiator.initiateService 50 - HHH000026: Second-level cache disabled
13:31:50.061 [restartedMain] INFO  o.s.o.j.p.SpringPersistenceUnitInfo.addTransformer 87 - No LoadTimeWeaver setup: ignoring JPA class transformer
13:31:50.086 [restartedMain] INFO  com.zaxxer.hikari.HikariDataSource.getConnection 109 - HikariPool-1 - Starting...
13:31:50.812 [restartedMain] INFO  com.zaxxer.hikari.pool.HikariPool.checkFailFast 554 - HikariPool-1 - Added connection com.mysql.cj.jdbc.ConnectionImpl@73195735
13:31:50.816 [restartedMain] INFO  com.zaxxer.hikari.HikariDataSource.getConnection 122 - HikariPool-1 - Start completed.
13:31:50.937 [restartedMain] WARN  o.h.e.j.d.i.DialectFactoryImpl.constructDialect 153 - HHH90000025: MySQLDialect does not need to be specified explicitly using 'hibernate.dialect' (remove the property setting and it will be selected by default)
13:31:51.640 [restartedMain] INFO  o.h.e.t.j.p.i.JtaPlatformInitiator.initiateService 59 - HHH000489: No JTA platform available (set 'hibernate.transaction.jta.platform' to enable JTA platform integration)
13:31:52.349 [restartedMain] INFO  o.s.o.j.AbstractEntityManagerFactoryBean.buildNativeEntityManagerFactory 437 - Initialized JPA EntityManagerFactory for persistence unit 'default'
13:31:52.697 [restartedMain] INFO  c.m.E.config.SecurityConfig.authenticationProvider 51 - org.springframework.security.authentication.dao.DaoAuthenticationProvider@3cd80b73
13:31:52.700 [restartedMain] INFO  o.s.s.c.a.a.c.InitializeAuthenticationProviderBeanManagerConfigurer$InitializeAuthenticationProviderManagerConfigurer.configure 83 - Global AuthenticationManager configured with AuthenticationProvider bean with name authenticationProvider
13:31:52.701 [restartedMain] WARN  o.s.s.c.a.a.c.InitializeUserDetailsBeanManagerConfigurer$InitializeUserDetailsManagerConfigurer.configure 72 - Global AuthenticationManager configured with an AuthenticationProvider bean. UserDetailsService beans will not be used for username/password login. Consider removing the AuthenticationProvider bean. Alternatively, consider using the UserDetailsService in a manually instantiated DaoAuthenticationProvider.
13:31:52.719 [restartedMain] INFO  o.s.d.j.r.query.QueryEnhancerFactory.<clinit> 49 - Hibernate is in classpath; If applicable, HQL parser will be used.
13:31:53.152 [restartedMain] WARN  o.s.b.a.o.j.JpaBaseConfiguration$JpaWebConfiguration.openEntityManagerInViewInterceptor 236 - spring.jpa.open-in-view is enabled by default. Therefore, database queries may be performed during view rendering. Explicitly configure spring.jpa.open-in-view to disable this warning
13:31:53.601 [restartedMain] INFO  o.s.b.d.a.OptionalLiveReloadServer.startServer 59 - LiveReload server is running on port 35729
13:31:53.612 [restartedMain] INFO  o.apache.juli.logging.DirectJDKLog.log 173 - Starting ProtocolHandler ["http-nio-8080"]
13:31:53.630 [restartedMain] INFO  o.s.b.w.e.tomcat.TomcatWebServer.start 243 - Tomcat started on port 8080 (http) with context path '/'
13:31:53.638 [restartedMain] INFO  o.s.boot.StartupInfoLogger.logStarted 56 - Started ExpenseTracker in 6.731 seconds (process running for 7.174)
13:34:05.722 [http-nio-8080-exec-1] INFO  o.apache.juli.logging.DirectJDKLog.log 173 - Initializing Spring DispatcherServlet 'dispatcherServlet'
13:34:05.723 [http-nio-8080-exec-1] INFO  o.s.web.servlet.FrameworkServlet.initServletBean 532 - Initializing Servlet 'dispatcherServlet'
13:34:05.724 [http-nio-8080-exec-1] INFO  o.s.web.servlet.FrameworkServlet.initServletBean 554 - Completed initialization in 1 ms
13:34:06.187 [http-nio-8080-exec-1] INFO  c.m.E.service.MyUserDetailsService.loadUserByUsername 23 - username 9117590964
13:34:06.765 [http-nio-8080-exec-1] INFO  c.m.E.service.AuthService.verify 103 - Login Successfully
13:34:06.838 [http-nio-8080-exec-1] INFO  c.m.E.service.AuthService.verify 114 - Response(code=LOGIN01, message=Login Successfully, jwtToken=eyJhbGciOiJIUzI1NiJ9.eyJzdWIiOiI5MTE3NTkwOTY0IiwiaWF0IjoxNzI4ODkzMDQ2LCJleHAiOjE3Mjg5Nzk0NDZ9.NUFQM21owCxl2O1BJIPg_NU2xFD4CGknHOhNLe3q4bM)
13:35:02.937 [http-nio-8080-exec-3] INFO  c.m.E.service.MyUserDetailsService.loadUserByUsername 23 - username 9117590964
13:35:27.888 [http-nio-8080-exec-4] INFO  c.m.E.service.MyUserDetailsService.loadUserByUsername 23 - username 9117590964
13:36:02.078 [SpringApplicationShutdownHook] INFO  o.s.o.j.AbstractEntityManagerFactoryBean.destroy 650 - Closing JPA EntityManagerFactory for persistence unit 'default'
13:36:02.083 [SpringApplicationShutdownHook] INFO  com.zaxxer.hikari.HikariDataSource.close 349 - HikariPool-1 - Shutdown initiated...
13:36:02.090 [SpringApplicationShutdownHook] INFO  com.zaxxer.hikari.HikariDataSource.close 351 - HikariPool-1 - Shutdown completed.
13:52:37.623 [restartedMain] INFO  o.s.boot.StartupInfoLogger.logStarting 50 - Starting ExpenseTracker using Java 22.0.2 with PID 2916 (C:\Users\Purshottam Mishra\OneDrive\Documents\JavaProjects\ExpenseTracker\target\classes started by Purshottam Mishra in C:\Users\Purshottam Mishra\OneDrive\Documents\JavaProjects\ExpenseTracker)
13:52:37.626 [restartedMain] INFO  o.s.boot.SpringApplication.logStartupProfileInfo 654 - No active profile set, falling back to 1 default profile: "default"
13:52:37.683 [restartedMain] INFO  o.s.boot.logging.DeferredLog.logTo 252 - Devtools property defaults active! Set 'spring.devtools.add-properties' to 'false' to disable
13:52:37.683 [restartedMain] INFO  o.s.boot.logging.DeferredLog.logTo 252 - For additional web related logging consider setting the 'logging.level.web' property to 'DEBUG'
13:52:38.452 [restartedMain] INFO  o.s.d.r.c.RepositoryConfigurationDelegate.registerRepositoriesIn 143 - Bootstrapping Spring Data JPA repositories in DEFAULT mode.
13:52:38.528 [restartedMain] INFO  o.s.d.r.c.RepositoryConfigurationDelegate.registerRepositoriesIn 211 - Finished Spring Data repository scanning in 66 ms. Found 5 JPA repository interfaces.
13:52:39.103 [restartedMain] INFO  o.s.b.w.e.tomcat.TomcatWebServer.initialize 111 - Tomcat initialized with port 8080 (http)
13:52:39.115 [restartedMain] INFO  o.apache.juli.logging.DirectJDKLog.log 173 - Initializing ProtocolHandler ["http-nio-8080"]
13:52:39.119 [restartedMain] INFO  o.apache.juli.logging.DirectJDKLog.log 173 - Starting service [Tomcat]
13:52:39.119 [restartedMain] INFO  o.apache.juli.logging.DirectJDKLog.log 173 - Starting Servlet engine: [Apache Tomcat/10.1.30]
13:52:39.159 [restartedMain] INFO  o.apache.juli.logging.DirectJDKLog.log 173 - Initializing Spring embedded WebApplicationContext
13:52:39.160 [restartedMain] INFO  o.s.b.w.s.c.ServletWebServerApplicationContext.prepareWebApplicationContext 296 - Root WebApplicationContext: initialization completed in 1476 ms
13:52:39.364 [restartedMain] INFO  o.h.jpa.internal.util.LogHelper.logPersistenceUnitInformation 31 - HHH000204: Processing PersistenceUnitInfo [name: default]
13:52:39.414 [restartedMain] INFO  org.hibernate.Version.logVersion 44 - HHH000412: Hibernate ORM core version 6.5.3.Final
13:52:39.445 [restartedMain] INFO  o.h.c.i.RegionFactoryInitiator.initiateService 50 - HHH000026: Second-level cache disabled
13:52:39.719 [restartedMain] INFO  o.s.o.j.p.SpringPersistenceUnitInfo.addTransformer 87 - No LoadTimeWeaver setup: ignoring JPA class transformer
13:52:39.746 [restartedMain] INFO  com.zaxxer.hikari.HikariDataSource.getConnection 109 - HikariPool-1 - Starting...
13:52:40.857 [restartedMain] INFO  com.zaxxer.hikari.pool.HikariPool.checkFailFast 554 - HikariPool-1 - Added connection com.mysql.cj.jdbc.ConnectionImpl@445d43db
13:52:40.860 [restartedMain] INFO  com.zaxxer.hikari.HikariDataSource.getConnection 122 - HikariPool-1 - Start completed.
13:52:41.007 [restartedMain] WARN  o.h.e.j.d.i.DialectFactoryImpl.constructDialect 153 - HHH90000025: MySQLDialect does not need to be specified explicitly using 'hibernate.dialect' (remove the property setting and it will be selected by default)
13:52:41.700 [restartedMain] INFO  o.h.e.t.j.p.i.JtaPlatformInitiator.initiateService 59 - HHH000489: No JTA platform available (set 'hibernate.transaction.jta.platform' to enable JTA platform integration)
13:52:42.554 [restartedMain] INFO  o.s.o.j.AbstractEntityManagerFactoryBean.buildNativeEntityManagerFactory 437 - Initialized JPA EntityManagerFactory for persistence unit 'default'
13:52:42.870 [restartedMain] INFO  c.m.E.config.SecurityConfig.authenticationProvider 51 - org.springframework.security.authentication.dao.DaoAuthenticationProvider@17df7744
13:52:42.873 [restartedMain] INFO  o.s.s.c.a.a.c.InitializeAuthenticationProviderBeanManagerConfigurer$InitializeAuthenticationProviderManagerConfigurer.configure 83 - Global AuthenticationManager configured with AuthenticationProvider bean with name authenticationProvider
13:52:42.874 [restartedMain] WARN  o.s.s.c.a.a.c.InitializeUserDetailsBeanManagerConfigurer$InitializeUserDetailsManagerConfigurer.configure 72 - Global AuthenticationManager configured with an AuthenticationProvider bean. UserDetailsService beans will not be used for username/password login. Consider removing the AuthenticationProvider bean. Alternatively, consider using the UserDetailsService in a manually instantiated DaoAuthenticationProvider.
13:52:42.892 [restartedMain] INFO  o.s.d.j.r.query.QueryEnhancerFactory.<clinit> 49 - Hibernate is in classpath; If applicable, HQL parser will be used.
13:52:43.314 [restartedMain] WARN  o.s.b.a.o.j.JpaBaseConfiguration$JpaWebConfiguration.openEntityManagerInViewInterceptor 236 - spring.jpa.open-in-view is enabled by default. Therefore, database queries may be performed during view rendering. Explicitly configure spring.jpa.open-in-view to disable this warning
13:52:43.764 [restartedMain] INFO  o.s.b.d.a.OptionalLiveReloadServer.startServer 59 - LiveReload server is running on port 35729
13:52:43.774 [restartedMain] INFO  o.apache.juli.logging.DirectJDKLog.log 173 - Starting ProtocolHandler ["http-nio-8080"]
13:52:43.792 [restartedMain] INFO  o.s.b.w.e.tomcat.TomcatWebServer.start 243 - Tomcat started on port 8080 (http) with context path '/'
13:52:43.802 [restartedMain] INFO  o.s.boot.StartupInfoLogger.logStarted 56 - Started ExpenseTracker in 6.762 seconds (process running for 7.21)
13:55:42.520 [SpringApplicationShutdownHook] INFO  o.s.o.j.AbstractEntityManagerFactoryBean.destroy 650 - Closing JPA EntityManagerFactory for persistence unit 'default'
13:55:42.527 [SpringApplicationShutdownHook] INFO  com.zaxxer.hikari.HikariDataSource.close 349 - HikariPool-1 - Shutdown initiated...
13:55:42.533 [SpringApplicationShutdownHook] INFO  com.zaxxer.hikari.HikariDataSource.close 351 - HikariPool-1 - Shutdown completed.
